2026-01-18 10:26:16 [restartedMain] INFO  c.a.ArabicTrackerApplication - Starting ArabicTrackerApplication using Java 21.0.8 with PID 4596 (G:\Projects\Java Projects\ExternalProjects\StudentTrackingSystem\Backend\arabic-student-tracker\target\classes started by HusseinVR97 in G:\Projects\Java Projects\ExternalProjects\StudentTrackingSystem\Backend)
2026-01-18 10:26:16 [restartedMain] DEBUG c.a.ArabicTrackerApplication - Running with Spring Boot v4.0.0, Spring v7.0.1
2026-01-18 10:26:16 [restartedMain] INFO  c.a.ArabicTrackerApplication - No active profile set, falling back to 1 default profile: "default"
2026-01-18 10:26:16 [restartedMain] INFO  o.s.b.d.e.DevToolsPropertyDefaultsPostProcessor - Devtools property defaults active! Set 'spring.devtools.add-properties' to 'false' to disable
2026-01-18 10:26:16 [restartedMain] INFO  o.s.b.d.e.DevToolsPropertyDefaultsPostProcessor - For additional web related logging consider setting the 'logging.level.web' property to 'DEBUG'
2026-01-18 10:26:17 [restartedMain] INFO  o.s.d.r.c.RepositoryConfigurationDelegate - Bootstrapping Spring Data JPA repositories in DEFAULT mode.
2026-01-18 10:26:17 [restartedMain] INFO  o.s.d.r.c.RepositoryConfigurationDelegate - Finished Spring Data repository scanning in 63 ms. Found 8 JPA repository interfaces.
2026-01-18 10:26:18 [restartedMain] INFO  o.s.boot.tomcat.TomcatWebServer - Tomcat initialized with port 8080 (http)
2026-01-18 10:26:18 [restartedMain] INFO  o.a.catalina.core.StandardService - Starting service [Tomcat]
2026-01-18 10:26:18 [restartedMain] INFO  o.a.catalina.core.StandardEngine - Starting Servlet engine: [Apache Tomcat/11.0.14]
2026-01-18 10:26:18 [restartedMain] INFO  o.s.b.w.c.s.WebApplicationContextInitializer - Root WebApplicationContext: initialization completed in 2242 ms
2026-01-18 10:26:19 [restartedMain] INFO  o.h.jpa.internal.util.LogHelper - HHH000204: Processing PersistenceUnitInfo [name: default]
2026-01-18 10:26:19 [restartedMain] INFO  org.hibernate.Version - HHH000412: Hibernate ORM core version 7.1.8.Final
2026-01-18 10:26:19 [restartedMain] INFO  o.s.o.j.p.SpringPersistenceUnitInfo - No LoadTimeWeaver setup: ignoring JPA class transformer
2026-01-18 10:26:19 [restartedMain] INFO  com.zaxxer.hikari.HikariDataSource - HikariPool-1 - Starting...
2026-01-18 10:26:19 [restartedMain] INFO  com.zaxxer.hikari.pool.HikariPool - HikariPool-1 - Added connection org.postgresql.jdbc.PgConnection@19d575fe
2026-01-18 10:26:19 [restartedMain] INFO  com.zaxxer.hikari.HikariDataSource - HikariPool-1 - Start completed.
2026-01-18 10:26:20 [restartedMain] WARN  org.hibernate.orm.deprecation - HHH90000025: PostgreSQLDialect does not need to be specified explicitly using 'hibernate.dialect' (remove the property setting and it will be selected by default)
2026-01-18 10:26:20 [restartedMain] INFO  o.hibernate.orm.connections.pooling - HHH10001005: Database info:
	Database JDBC URL [jdbc:postgresql://localhost:5432/arabic_student_tracker_db]
	Database driver: PostgreSQL JDBC Driver
	Database dialect: PostgreSQLDialect
	Database version: 18.1
	Default catalog/schema: arabic_student_tracker_db/public
	Autocommit mode: undefined/unknown
	Isolation level: READ_COMMITTED [default READ_COMMITTED]
	JDBC fetch size: none
	Pool: DatasourceConnectionProviderImpl
	Minimum pool size: undefined/unknown
	Maximum pool size: undefined/unknown
2026-01-18 10:26:21 [restartedMain] INFO  o.h.e.t.j.p.i.JtaPlatformInitiator - HHH000489: No JTA platform available (set 'hibernate.transaction.jta.platform' to enable JTA platform integration)
2026-01-18 10:26:21 [restartedMain] INFO  org.hibernate.orm.jdbc.batch - HHH100501: Automatic JDBC statement batching enabled (maximum batch size 20)
2026-01-18 10:26:21 [restartedMain] INFO  o.s.o.j.LocalContainerEntityManagerFactoryBean - Initialized JPA EntityManagerFactory for persistence unit 'default'
2026-01-18 10:26:21 [restartedMain] INFO  o.s.d.j.r.q.QueryEnhancerFactories - Hibernate is in classpath; If applicable, HQL parser will be used.
2026-01-18 10:26:23 [restartedMain] WARN  o.s.b.j.a.JpaBaseConfiguration$JpaWebConfiguration - spring.jpa.open-in-view is enabled by default. Therefore, database queries may be performed during view rendering. Explicitly configure spring.jpa.open-in-view to disable this warning
2026-01-18 10:26:24 [restartedMain] INFO  o.s.b.a.e.web.EndpointLinksResolver - Exposing 3 endpoints beneath base path '/actuator'
2026-01-18 10:26:24 [restartedMain] INFO  o.s.boot.tomcat.TomcatWebServer - Tomcat started on port 8080 (http) with context path '/'
2026-01-18 10:26:24 [restartedMain] INFO  c.a.ArabicTrackerApplication - Started ArabicTrackerApplication in 8.54 seconds (process running for 9.563)
2026-01-18 10:26:24 [http-nio-8080-exec-1] INFO  o.a.c.c.C.[Tomcat].[localhost].[/] - Initializing Spring DispatcherServlet 'dispatcherServlet'
2026-01-18 10:26:24 [http-nio-8080-exec-1] INFO  o.s.web.servlet.DispatcherServlet - Initializing Servlet 'dispatcherServlet'
2026-01-18 10:26:24 [http-nio-8080-exec-1] INFO  o.s.web.servlet.DispatcherServlet - Completed initialization in 2 ms
2026-01-18 10:26:31 [http-nio-8080-exec-1] DEBUG org.hibernate.SQL - 
    /* <criteria> */ select
        s1_0.id,
        s1_0.archived_date,
        s1_0.created_at,
        s1_0.enrollment_date,
        s1_0.father_name,
        s1_0.first_name,
        s1_0.full_name,
        s1_0.parent_id,
        s1_0.search_name,
        s1_0.status,
        s1_0.student_phone,
        s1_0.updated_at 
    from
        students s1_0
2026-01-18 10:26:31 [http-nio-8080-exec-1] DEBUG org.hibernate.SQL - 
    select
        p1_0.id,
        p1_0.created_at,
        p1_0.email,
        p1_0.full_name,
        p1_0.phone,
        p1_0.preferred_contact_method,
        p1_0.updated_at,
        p1_0.whatsapp_number 
    from
        parents p1_0 
    where
        p1_0.id=?
2026-01-18 10:26:31 [http-nio-8080-exec-1] DEBUG org.hibernate.SQL - 
    select
        p1_0.id,
        p1_0.created_at,
        p1_0.email,
        p1_0.full_name,
        p1_0.phone,
        p1_0.preferred_contact_method,
        p1_0.updated_at,
        p1_0.whatsapp_number 
    from
        parents p1_0 
    where
        p1_0.id=?
2026-01-18 10:26:31 [http-nio-8080-exec-1] DEBUG org.hibernate.SQL - 
    select
        p1_0.id,
        p1_0.created_at,
        p1_0.email,
        p1_0.full_name,
        p1_0.phone,
        p1_0.preferred_contact_method,
        p1_0.updated_at,
        p1_0.whatsapp_number 
    from
        parents p1_0 
    where
        p1_0.id=?
2026-01-18 10:26:31 [http-nio-8080-exec-1] DEBUG org.hibernate.SQL - 
    select
        p1_0.id,
        p1_0.created_at,
        p1_0.email,
        p1_0.full_name,
        p1_0.phone,
        p1_0.preferred_contact_method,
        p1_0.updated_at,
        p1_0.whatsapp_number 
    from
        parents p1_0 
    where
        p1_0.id=?
2026-01-18 10:26:31 [http-nio-8080-exec-1] DEBUG org.hibernate.SQL - 
    select
        p1_0.id,
        p1_0.created_at,
        p1_0.email,
        p1_0.full_name,
        p1_0.phone,
        p1_0.preferred_contact_method,
        p1_0.updated_at,
        p1_0.whatsapp_number 
    from
        parents p1_0 
    where
        p1_0.id=?
2026-01-18 11:00:43 [http-nio-8080-exec-3] DEBUG org.hibernate.SQL - 
    /* SELECT
        l 
    FROM
        Lesson l 
    WHERE
        l.deletedAt IS NOT NULL */ select
            l1_0.id,
            l1_0.attendance_marked,
            l1_0.created_at,
            l1_0.date,
            l1_0.deleted_at,
            l1_0.has_homework,
            l1_0.homework_marked,
            l1_0.participation_marked,
            l1_0.topics_free_text,
            l1_0.updated_at 
        from
            lessons l1_0 
        where
            l1_0.deleted_at is not null
2026-01-18 11:00:43 [http-nio-8080-exec-3] DEBUG org.hibernate.SQL - 
    /* SELECT
        l 
    FROM
        LessonAttendance l 
    WHERE
        l.lesson.id = :lessonId */ select
            la1_0.id,
            la1_0.attended,
            la1_0.consecutive_absences,
            la1_0.created_at,
            la1_0.lesson_id,
            la1_0.student_id 
        from
            lesson_attendance la1_0 
        where
            la1_0.lesson_id=?
2026-01-18 11:00:43 [http-nio-8080-exec-3] DEBUG org.hibernate.SQL - 
    /* SELECT
        s 
    FROM
        Student s 
    WHERE
        s.status = :status */ select
            s1_0.id,
            s1_0.archived_date,
            s1_0.created_at,
            s1_0.enrollment_date,
            s1_0.father_name,
            s1_0.first_name,
            s1_0.full_name,
            s1_0.parent_id,
            s1_0.search_name,
            s1_0.status,
            s1_0.student_phone,
            s1_0.updated_at 
        from
            students s1_0 
        where
            s1_0.status=?
2026-01-18 11:00:43 [http-nio-8080-exec-3] DEBUG org.hibernate.SQL - 
    /* SELECT
        l 
    FROM
        LessonAttendance l 
    WHERE
        l.lesson.id = :lessonId */ select
            la1_0.id,
            la1_0.attended,
            la1_0.consecutive_absences,
            la1_0.created_at,
            la1_0.lesson_id,
            la1_0.student_id 
        from
            lesson_attendance la1_0 
        where
            la1_0.lesson_id=?
2026-01-18 11:00:43 [http-nio-8080-exec-3] DEBUG org.hibernate.SQL - 
    /* SELECT
        s 
    FROM
        Student s 
    WHERE
        s.status = :status */ select
            s1_0.id,
            s1_0.archived_date,
            s1_0.created_at,
            s1_0.enrollment_date,
            s1_0.father_name,
            s1_0.first_name,
            s1_0.full_name,
            s1_0.parent_id,
            s1_0.search_name,
            s1_0.status,
            s1_0.student_phone,
            s1_0.updated_at 
        from
            students s1_0 
        where
            s1_0.status=?
2026-01-18 11:00:43 [http-nio-8080-exec-3] DEBUG org.hibernate.SQL - 
    /* SELECT
        l 
    FROM
        LessonAttendance l 
    WHERE
        l.lesson.id = :lessonId */ select
            la1_0.id,
            la1_0.attended,
            la1_0.consecutive_absences,
            la1_0.created_at,
            la1_0.lesson_id,
            la1_0.student_id 
        from
            lesson_attendance la1_0 
        where
            la1_0.lesson_id=?
2026-01-18 11:00:43 [http-nio-8080-exec-3] DEBUG org.hibernate.SQL - 
    /* SELECT
        s 
    FROM
        Student s 
    WHERE
        s.status = :status */ select
            s1_0.id,
            s1_0.archived_date,
            s1_0.created_at,
            s1_0.enrollment_date,
            s1_0.father_name,
            s1_0.first_name,
            s1_0.full_name,
            s1_0.parent_id,
            s1_0.search_name,
            s1_0.status,
            s1_0.student_phone,
            s1_0.updated_at 
        from
            students s1_0 
        where
            s1_0.status=?
2026-01-18 11:00:43 [http-nio-8080-exec-3] DEBUG org.hibernate.SQL - 
    /* SELECT
        l 
    FROM
        LessonAttendance l 
    WHERE
        l.lesson.id = :lessonId */ select
            la1_0.id,
            la1_0.attended,
            la1_0.consecutive_absences,
            la1_0.created_at,
            la1_0.lesson_id,
            la1_0.student_id 
        from
            lesson_attendance la1_0 
        where
            la1_0.lesson_id=?
2026-01-18 11:00:43 [http-nio-8080-exec-3] DEBUG org.hibernate.SQL - 
    /* SELECT
        s 
    FROM
        Student s 
    WHERE
        s.status = :status */ select
            s1_0.id,
            s1_0.archived_date,
            s1_0.created_at,
            s1_0.enrollment_date,
            s1_0.father_name,
            s1_0.first_name,
            s1_0.full_name,
            s1_0.parent_id,
            s1_0.search_name,
            s1_0.status,
            s1_0.student_phone,
            s1_0.updated_at 
        from
            students s1_0 
        where
            s1_0.status=?
2026-01-18 11:00:44 [http-nio-8080-exec-3] DEBUG org.hibernate.SQL - 
    select
        ct1_0.lesson_id,
        ct1_0.category_tag 
    from
        lesson_category_tags ct1_0 
    where
        ct1_0.lesson_id=?
2026-01-18 11:00:44 [http-nio-8080-exec-3] DEBUG org.hibernate.SQL - 
    select
        ct1_0.lesson_id,
        ct1_0.category_tag 
    from
        lesson_category_tags ct1_0 
    where
        ct1_0.lesson_id=?
2026-01-18 11:00:44 [http-nio-8080-exec-3] DEBUG org.hibernate.SQL - 
    select
        ct1_0.lesson_id,
        ct1_0.category_tag 
    from
        lesson_category_tags ct1_0 
    where
        ct1_0.lesson_id=?
2026-01-18 11:00:44 [http-nio-8080-exec-3] DEBUG org.hibernate.SQL - 
    select
        ct1_0.lesson_id,
        ct1_0.category_tag 
    from
        lesson_category_tags ct1_0 
    where
        ct1_0.lesson_id=?
2026-01-18 11:00:53 [http-nio-8080-exec-5] DEBUG org.hibernate.SQL - 
    /* SELECT
        l 
    FROM
        Lesson l 
    WHERE
        l.deletedAt IS NULL */ select
            l1_0.id,
            l1_0.attendance_marked,
            l1_0.created_at,
            l1_0.date,
            l1_0.deleted_at,
            l1_0.has_homework,
            l1_0.homework_marked,
            l1_0.participation_marked,
            l1_0.topics_free_text,
            l1_0.updated_at 
        from
            lessons l1_0 
        where
            l1_0.deleted_at is null
2026-01-18 11:00:53 [http-nio-8080-exec-5] DEBUG org.hibernate.SQL - 
    /* SELECT
        l 
    FROM
        LessonAttendance l 
    WHERE
        l.lesson.id = :lessonId */ select
            la1_0.id,
            la1_0.attended,
            la1_0.consecutive_absences,
            la1_0.created_at,
            la1_0.lesson_id,
            la1_0.student_id 
        from
            lesson_attendance la1_0 
        where
            la1_0.lesson_id=?
2026-01-18 11:00:53 [http-nio-8080-exec-5] DEBUG org.hibernate.SQL - 
    /* SELECT
        s 
    FROM
        Student s 
    WHERE
        s.status = :status */ select
            s1_0.id,
            s1_0.archived_date,
            s1_0.created_at,
            s1_0.enrollment_date,
            s1_0.father_name,
            s1_0.first_name,
            s1_0.full_name,
            s1_0.parent_id,
            s1_0.search_name,
            s1_0.status,
            s1_0.student_phone,
            s1_0.updated_at 
        from
            students s1_0 
        where
            s1_0.status=?
2026-01-18 11:00:53 [http-nio-8080-exec-5] DEBUG org.hibernate.SQL - 
    /* SELECT
        l 
    FROM
        LessonAttendance l 
    WHERE
        l.lesson.id = :lessonId */ select
            la1_0.id,
            la1_0.attended,
            la1_0.consecutive_absences,
            la1_0.created_at,
            la1_0.lesson_id,
            la1_0.student_id 
        from
            lesson_attendance la1_0 
        where
            la1_0.lesson_id=?
2026-01-18 11:00:53 [http-nio-8080-exec-5] DEBUG org.hibernate.SQL - 
    /* SELECT
        s 
    FROM
        Student s 
    WHERE
        s.status = :status */ select
            s1_0.id,
            s1_0.archived_date,
            s1_0.created_at,
            s1_0.enrollment_date,
            s1_0.father_name,
            s1_0.first_name,
            s1_0.full_name,
            s1_0.parent_id,
            s1_0.search_name,
            s1_0.status,
            s1_0.student_phone,
            s1_0.updated_at 
        from
            students s1_0 
        where
            s1_0.status=?
2026-01-18 11:00:54 [http-nio-8080-exec-5] DEBUG org.hibernate.SQL - 
    select
        ct1_0.lesson_id,
        ct1_0.category_tag 
    from
        lesson_category_tags ct1_0 
    where
        ct1_0.lesson_id=?
2026-01-18 11:00:54 [http-nio-8080-exec-5] DEBUG org.hibernate.SQL - 
    select
        ct1_0.lesson_id,
        ct1_0.category_tag 
    from
        lesson_category_tags ct1_0 
    where
        ct1_0.lesson_id=?
2026-01-18 11:01:00 [http-nio-8080-exec-7] DEBUG org.hibernate.SQL - 
    /* SELECT
        l 
    FROM
        Lesson l 
    WHERE
        l.id = :id 
        AND l.deletedAt IS NULL */ select
            l1_0.id,
            l1_0.attendance_marked,
            l1_0.created_at,
            l1_0.date,
            l1_0.deleted_at,
            l1_0.has_homework,
            l1_0.homework_marked,
            l1_0.participation_marked,
            l1_0.topics_free_text,
            l1_0.updated_at 
        from
            lessons l1_0 
        where
            l1_0.id=? 
            and l1_0.deleted_at is null
2026-01-18 11:01:00 [http-nio-8080-exec-7] DEBUG org.hibernate.SQL - 
    /* SELECT
        l 
    FROM
        Lesson l 
    WHERE
        l.id = :id 
        AND l.deletedAt IS NULL */ select
            l1_0.id,
            l1_0.attendance_marked,
            l1_0.created_at,
            l1_0.date,
            l1_0.deleted_at,
            l1_0.has_homework,
            l1_0.homework_marked,
            l1_0.participation_marked,
            l1_0.topics_free_text,
            l1_0.updated_at 
        from
            lessons l1_0 
        where
            l1_0.id=? 
            and l1_0.deleted_at is null
2026-01-18 11:01:00 [http-nio-8080-exec-7] DEBUG org.hibernate.SQL - 
    /* SELECT
        b 
    FROM
        BehavioralIncident b 
    WHERE
        b.lesson.id = :lessonId */ select
            bi1_0.id,
            bi1_0.created_at,
            bi1_0.incident_type,
            bi1_0.lesson_id,
            bi1_0.notes,
            bi1_0.student_id 
        from
            behavioral_incidents bi1_0 
        where
            bi1_0.lesson_id=?
2026-01-18 11:01:00 [http-nio-8080-exec-7] DEBUG org.hibernate.SQL - 
    /* SELECT
        COUNT(bi) 
    FROM
        BehavioralIncident bi 
    WHERE
        bi.student.id = :studentId 
        AND YEAR(bi.createdAt) = :year 
        AND MONTH(bi.createdAt) = :month */ select
            count(bi1_0.id) 
        from
            behavioral_incidents bi1_0 
        where
            bi1_0.student_id=? 
            and extract(year from bi1_0.created_at)=? 
            and extract(month from bi1_0.created_at)=?
2026-01-18 11:01:00 [http-nio-8080-exec-7] DEBUG org.hibernate.SQL - 
    /* SELECT
        COUNT(bi) 
    FROM
        BehavioralIncident bi 
    WHERE
        bi.student.id = :studentId 
        AND YEAR(bi.createdAt) = :year 
        AND MONTH(bi.createdAt) = :month */ select
            count(bi1_0.id) 
        from
            behavioral_incidents bi1_0 
        where
            bi1_0.student_id=? 
            and extract(year from bi1_0.created_at)=? 
            and extract(month from bi1_0.created_at)=?
2026-01-18 11:01:00 [http-nio-8080-exec-7] DEBUG org.hibernate.SQL - 
    /* SELECT
        COUNT(bi) 
    FROM
        BehavioralIncident bi 
    WHERE
        bi.student.id = :studentId 
        AND YEAR(bi.createdAt) = :year 
        AND MONTH(bi.createdAt) = :month */ select
            count(bi1_0.id) 
        from
            behavioral_incidents bi1_0 
        where
            bi1_0.student_id=? 
            and extract(year from bi1_0.created_at)=? 
            and extract(month from bi1_0.created_at)=?
2026-01-18 11:01:00 [http-nio-8080-exec-7] DEBUG org.hibernate.SQL - 
    /* SELECT
        l 
    FROM
        LessonAttendance l 
    WHERE
        l.lesson.id = :lessonId */ select
            la1_0.id,
            la1_0.attended,
            la1_0.consecutive_absences,
            la1_0.created_at,
            la1_0.lesson_id,
            la1_0.student_id 
        from
            lesson_attendance la1_0 
        where
            la1_0.lesson_id=?
2026-01-18 11:01:00 [http-nio-8080-exec-7] DEBUG org.hibernate.SQL - 
    select
        s1_0.id,
        s1_0.archived_date,
        s1_0.created_at,
        s1_0.enrollment_date,
        s1_0.father_name,
        s1_0.first_name,
        s1_0.full_name,
        s1_0.parent_id,
        s1_0.search_name,
        s1_0.status,
        s1_0.student_phone,
        s1_0.updated_at 
    from
        students s1_0 
    where
        s1_0.id=?
2026-01-18 11:01:00 [http-nio-8080-exec-7] DEBUG org.hibernate.SQL - 
    /* SELECT
        l 
    FROM
        LessonHomework l 
    WHERE
        l.lesson.id = :lessonId 
        AND l.student.id = :studentId */ select
            lh1_0.id,
            lh1_0.completed,
            lh1_0.created_at,
            lh1_0.lesson_id,
            lh1_0.student_id 
        from
            lesson_homework lh1_0 
        where
            lh1_0.lesson_id=? 
            and lh1_0.student_id=?
2026-01-18 11:01:00 [http-nio-8080-exec-7] DEBUG org.hibernate.SQL - 
    /* SELECT
        l 
    FROM
        LessonParticipation l 
    WHERE
        l.lesson.id = :lessonId 
        AND l.student.id = :studentId */ select
            lp1_0.id,
            lp1_0.created_at,
            lp1_0.lesson_id,
            lp1_0.score,
            lp1_0.student_id 
        from
            lesson_participation lp1_0 
        where
            lp1_0.lesson_id=? 
            and lp1_0.student_id=?
2026-01-18 11:01:00 [http-nio-8080-exec-7] DEBUG org.hibernate.SQL - 
    select
        s1_0.id,
        s1_0.archived_date,
        s1_0.created_at,
        s1_0.enrollment_date,
        s1_0.father_name,
        s1_0.first_name,
        s1_0.full_name,
        s1_0.parent_id,
        s1_0.search_name,
        s1_0.status,
        s1_0.student_phone,
        s1_0.updated_at 
    from
        students s1_0 
    where
        s1_0.id=?
2026-01-18 11:01:00 [http-nio-8080-exec-7] DEBUG org.hibernate.SQL - 
    /* SELECT
        l 
    FROM
        LessonHomework l 
    WHERE
        l.lesson.id = :lessonId 
        AND l.student.id = :studentId */ select
            lh1_0.id,
            lh1_0.completed,
            lh1_0.created_at,
            lh1_0.lesson_id,
            lh1_0.student_id 
        from
            lesson_homework lh1_0 
        where
            lh1_0.lesson_id=? 
            and lh1_0.student_id=?
2026-01-18 11:01:00 [http-nio-8080-exec-7] DEBUG org.hibernate.SQL - 
    /* SELECT
        l 
    FROM
        LessonParticipation l 
    WHERE
        l.lesson.id = :lessonId 
        AND l.student.id = :studentId */ select
            lp1_0.id,
            lp1_0.created_at,
            lp1_0.lesson_id,
            lp1_0.score,
            lp1_0.student_id 
        from
            lesson_participation lp1_0 
        where
            lp1_0.lesson_id=? 
            and lp1_0.student_id=?
2026-01-18 11:01:00 [http-nio-8080-exec-7] DEBUG org.hibernate.SQL - 
    select
        s1_0.id,
        s1_0.archived_date,
        s1_0.created_at,
        s1_0.enrollment_date,
        s1_0.father_name,
        s1_0.first_name,
        s1_0.full_name,
        s1_0.parent_id,
        s1_0.search_name,
        s1_0.status,
        s1_0.student_phone,
        s1_0.updated_at 
    from
        students s1_0 
    where
        s1_0.id=?
2026-01-18 11:01:01 [http-nio-8080-exec-7] DEBUG org.hibernate.SQL - 
    select
        twsi1_0.incident_id,
        twsi1_0.talked_with_student_id 
    from
        incident_talked_with_students twsi1_0 
    where
        twsi1_0.incident_id=?
2026-01-18 11:01:01 [http-nio-8080-exec-7] DEBUG org.hibernate.SQL - 
    select
        twsi1_0.incident_id,
        twsi1_0.talked_with_student_id 
    from
        incident_talked_with_students twsi1_0 
    where
        twsi1_0.incident_id=?
2026-01-18 11:01:01 [http-nio-8080-exec-7] DEBUG org.hibernate.SQL - 
    select
        twsi1_0.incident_id,
        twsi1_0.talked_with_student_id 
    from
        incident_talked_with_students twsi1_0 
    where
        twsi1_0.incident_id=?
2026-01-18 11:01:01 [http-nio-8080-exec-7] DEBUG org.hibernate.SQL - 
    select
        ct1_0.lesson_id,
        ct1_0.category_tag 
    from
        lesson_category_tags ct1_0 
    where
        ct1_0.lesson_id=?
2026-01-18 11:02:11 [http-nio-8080-exec-9] DEBUG org.hibernate.SQL - 
    /* SELECT
        l 
    FROM
        Lesson l 
    WHERE
        l.id = :id 
        AND l.deletedAt IS NULL */ select
            l1_0.id,
            l1_0.attendance_marked,
            l1_0.created_at,
            l1_0.date,
            l1_0.deleted_at,
            l1_0.has_homework,
            l1_0.homework_marked,
            l1_0.participation_marked,
            l1_0.topics_free_text,
            l1_0.updated_at 
        from
            lessons l1_0 
        where
            l1_0.id=? 
            and l1_0.deleted_at is null
2026-01-18 11:02:11 [http-nio-8080-exec-9] DEBUG org.hibernate.SQL - 
    /* SELECT
        b 
    FROM
        BehavioralIncident b 
    WHERE
        b.lesson.id = :lessonId */ select
            bi1_0.id,
            bi1_0.created_at,
            bi1_0.incident_type,
            bi1_0.lesson_id,
            bi1_0.notes,
            bi1_0.student_id 
        from
            behavioral_incidents bi1_0 
        where
            bi1_0.lesson_id=?
2026-01-18 11:02:11 [http-nio-8080-exec-9] DEBUG org.hibernate.SQL - 
    /* SELECT
        COUNT(bi) 
    FROM
        BehavioralIncident bi 
    WHERE
        bi.student.id = :studentId 
        AND YEAR(bi.createdAt) = :year 
        AND MONTH(bi.createdAt) = :month */ select
            count(bi1_0.id) 
        from
            behavioral_incidents bi1_0 
        where
            bi1_0.student_id=? 
            and extract(year from bi1_0.created_at)=? 
            and extract(month from bi1_0.created_at)=?
2026-01-18 11:02:11 [http-nio-8080-exec-9] DEBUG org.hibernate.SQL - 
    /* SELECT
        COUNT(bi) 
    FROM
        BehavioralIncident bi 
    WHERE
        bi.student.id = :studentId 
        AND YEAR(bi.createdAt) = :year 
        AND MONTH(bi.createdAt) = :month */ select
            count(bi1_0.id) 
        from
            behavioral_incidents bi1_0 
        where
            bi1_0.student_id=? 
            and extract(year from bi1_0.created_at)=? 
            and extract(month from bi1_0.created_at)=?
2026-01-18 11:02:11 [http-nio-8080-exec-9] DEBUG org.hibernate.SQL - 
    /* SELECT
        COUNT(bi) 
    FROM
        BehavioralIncident bi 
    WHERE
        bi.student.id = :studentId 
        AND YEAR(bi.createdAt) = :year 
        AND MONTH(bi.createdAt) = :month */ select
            count(bi1_0.id) 
        from
            behavioral_incidents bi1_0 
        where
            bi1_0.student_id=? 
            and extract(year from bi1_0.created_at)=? 
            and extract(month from bi1_0.created_at)=?
2026-01-18 11:02:11 [http-nio-8080-exec-9] DEBUG org.hibernate.SQL - 
    select
        twsi1_0.incident_id,
        twsi1_0.talked_with_student_id 
    from
        incident_talked_with_students twsi1_0 
    where
        twsi1_0.incident_id=?
2026-01-18 11:02:11 [http-nio-8080-exec-9] DEBUG org.hibernate.SQL - 
    select
        twsi1_0.incident_id,
        twsi1_0.talked_with_student_id 
    from
        incident_talked_with_students twsi1_0 
    where
        twsi1_0.incident_id=?
2026-01-18 11:02:11 [http-nio-8080-exec-9] DEBUG org.hibernate.SQL - 
    select
        twsi1_0.incident_id,
        twsi1_0.talked_with_student_id 
    from
        incident_talked_with_students twsi1_0 
    where
        twsi1_0.incident_id=?
2026-01-18 11:02:32 [http-nio-8080-exec-1] DEBUG org.hibernate.SQL - 
    /* SELECT
        l 
    FROM
        Lesson l 
    WHERE
        l.id = :id 
        AND l.deletedAt IS NULL */ select
            l1_0.id,
            l1_0.attendance_marked,
            l1_0.created_at,
            l1_0.date,
            l1_0.deleted_at,
            l1_0.has_homework,
            l1_0.homework_marked,
            l1_0.participation_marked,
            l1_0.topics_free_text,
            l1_0.updated_at 
        from
            lessons l1_0 
        where
            l1_0.id=? 
            and l1_0.deleted_at is null
2026-01-18 11:02:32 [http-nio-8080-exec-1] DEBUG org.hibernate.SQL - 
    /* SELECT
        l 
    FROM
        Lesson l 
    WHERE
        l.id = :id 
        AND l.deletedAt IS NULL */ select
            l1_0.id,
            l1_0.attendance_marked,
            l1_0.created_at,
            l1_0.date,
            l1_0.deleted_at,
            l1_0.has_homework,
            l1_0.homework_marked,
            l1_0.participation_marked,
            l1_0.topics_free_text,
            l1_0.updated_at 
        from
            lessons l1_0 
        where
            l1_0.id=? 
            and l1_0.deleted_at is null
2026-01-18 11:02:32 [http-nio-8080-exec-1] DEBUG org.hibernate.SQL - 
    /* SELECT
        b 
    FROM
        BehavioralIncident b 
    WHERE
        b.lesson.id = :lessonId */ select
            bi1_0.id,
            bi1_0.created_at,
            bi1_0.incident_type,
            bi1_0.lesson_id,
            bi1_0.notes,
            bi1_0.student_id 
        from
            behavioral_incidents bi1_0 
        where
            bi1_0.lesson_id=?
2026-01-18 11:02:32 [http-nio-8080-exec-1] DEBUG org.hibernate.SQL - 
    /* SELECT
        COUNT(bi) 
    FROM
        BehavioralIncident bi 
    WHERE
        bi.student.id = :studentId 
        AND YEAR(bi.createdAt) = :year 
        AND MONTH(bi.createdAt) = :month */ select
            count(bi1_0.id) 
        from
            behavioral_incidents bi1_0 
        where
            bi1_0.student_id=? 
            and extract(year from bi1_0.created_at)=? 
            and extract(month from bi1_0.created_at)=?
2026-01-18 11:02:32 [http-nio-8080-exec-1] DEBUG org.hibernate.SQL - 
    /* SELECT
        COUNT(bi) 
    FROM
        BehavioralIncident bi 
    WHERE
        bi.student.id = :studentId 
        AND YEAR(bi.createdAt) = :year 
        AND MONTH(bi.createdAt) = :month */ select
            count(bi1_0.id) 
        from
            behavioral_incidents bi1_0 
        where
            bi1_0.student_id=? 
            and extract(year from bi1_0.created_at)=? 
            and extract(month from bi1_0.created_at)=?
2026-01-18 11:02:32 [http-nio-8080-exec-1] DEBUG org.hibernate.SQL - 
    /* SELECT
        l 
    FROM
        LessonAttendance l 
    WHERE
        l.lesson.id = :lessonId */ select
            la1_0.id,
            la1_0.attended,
            la1_0.consecutive_absences,
            la1_0.created_at,
            la1_0.lesson_id,
            la1_0.student_id 
        from
            lesson_attendance la1_0 
        where
            la1_0.lesson_id=?
2026-01-18 11:02:32 [http-nio-8080-exec-1] DEBUG org.hibernate.SQL - 
    select
        s1_0.id,
        s1_0.archived_date,
        s1_0.created_at,
        s1_0.enrollment_date,
        s1_0.father_name,
        s1_0.first_name,
        s1_0.full_name,
        s1_0.parent_id,
        s1_0.search_name,
        s1_0.status,
        s1_0.student_phone,
        s1_0.updated_at 
    from
        students s1_0 
    where
        s1_0.id=?
2026-01-18 11:02:32 [http-nio-8080-exec-1] DEBUG org.hibernate.SQL - 
    /* SELECT
        l 
    FROM
        LessonHomework l 
    WHERE
        l.lesson.id = :lessonId 
        AND l.student.id = :studentId */ select
            lh1_0.id,
            lh1_0.completed,
            lh1_0.created_at,
            lh1_0.lesson_id,
            lh1_0.student_id 
        from
            lesson_homework lh1_0 
        where
            lh1_0.lesson_id=? 
            and lh1_0.student_id=?
2026-01-18 11:02:32 [http-nio-8080-exec-1] DEBUG org.hibernate.SQL - 
    /* SELECT
        l 
    FROM
        LessonParticipation l 
    WHERE
        l.lesson.id = :lessonId 
        AND l.student.id = :studentId */ select
            lp1_0.id,
            lp1_0.created_at,
            lp1_0.lesson_id,
            lp1_0.score,
            lp1_0.student_id 
        from
            lesson_participation lp1_0 
        where
            lp1_0.lesson_id=? 
            and lp1_0.student_id=?
2026-01-18 11:02:32 [http-nio-8080-exec-1] DEBUG org.hibernate.SQL - 
    select
        s1_0.id,
        s1_0.archived_date,
        s1_0.created_at,
        s1_0.enrollment_date,
        s1_0.father_name,
        s1_0.first_name,
        s1_0.full_name,
        s1_0.parent_id,
        s1_0.search_name,
        s1_0.status,
        s1_0.student_phone,
        s1_0.updated_at 
    from
        students s1_0 
    where
        s1_0.id=?
2026-01-18 11:02:32 [http-nio-8080-exec-1] DEBUG org.hibernate.SQL - 
    /* SELECT
        l 
    FROM
        LessonHomework l 
    WHERE
        l.lesson.id = :lessonId 
        AND l.student.id = :studentId */ select
            lh1_0.id,
            lh1_0.completed,
            lh1_0.created_at,
            lh1_0.lesson_id,
            lh1_0.student_id 
        from
            lesson_homework lh1_0 
        where
            lh1_0.lesson_id=? 
            and lh1_0.student_id=?
2026-01-18 11:02:32 [http-nio-8080-exec-1] DEBUG org.hibernate.SQL - 
    /* SELECT
        l 
    FROM
        LessonParticipation l 
    WHERE
        l.lesson.id = :lessonId 
        AND l.student.id = :studentId */ select
            lp1_0.id,
            lp1_0.created_at,
            lp1_0.lesson_id,
            lp1_0.score,
            lp1_0.student_id 
        from
            lesson_participation lp1_0 
        where
            lp1_0.lesson_id=? 
            and lp1_0.student_id=?
2026-01-18 11:02:32 [http-nio-8080-exec-1] DEBUG org.hibernate.SQL - 
    select
        s1_0.id,
        s1_0.archived_date,
        s1_0.created_at,
        s1_0.enrollment_date,
        s1_0.father_name,
        s1_0.first_name,
        s1_0.full_name,
        s1_0.parent_id,
        s1_0.search_name,
        s1_0.status,
        s1_0.student_phone,
        s1_0.updated_at 
    from
        students s1_0 
    where
        s1_0.id=?
2026-01-18 11:02:34 [http-nio-8080-exec-1] DEBUG org.hibernate.SQL - 
    select
        twsi1_0.incident_id,
        twsi1_0.talked_with_student_id 
    from
        incident_talked_with_students twsi1_0 
    where
        twsi1_0.incident_id=?
2026-01-18 11:02:34 [http-nio-8080-exec-1] DEBUG org.hibernate.SQL - 
    select
        twsi1_0.incident_id,
        twsi1_0.talked_with_student_id 
    from
        incident_talked_with_students twsi1_0 
    where
        twsi1_0.incident_id=?
2026-01-18 11:02:34 [http-nio-8080-exec-1] DEBUG org.hibernate.SQL - 
    select
        ct1_0.lesson_id,
        ct1_0.category_tag 
    from
        lesson_category_tags ct1_0 
    where
        ct1_0.lesson_id=?
2026-01-18 11:03:07 [http-nio-8080-exec-3] DEBUG org.hibernate.SQL - 
    /* SELECT
        l 
    FROM
        Lesson l 
    WHERE
        l.id = :id 
        AND l.deletedAt IS NULL */ select
            l1_0.id,
            l1_0.attendance_marked,
            l1_0.created_at,
            l1_0.date,
            l1_0.deleted_at,
            l1_0.has_homework,
            l1_0.homework_marked,
            l1_0.participation_marked,
            l1_0.topics_free_text,
            l1_0.updated_at 
        from
            lessons l1_0 
        where
            l1_0.id=? 
            and l1_0.deleted_at is null
2026-01-18 11:03:07 [http-nio-8080-exec-3] DEBUG org.hibernate.SQL - 
    /* SELECT
        b 
    FROM
        BehavioralIncident b 
    WHERE
        b.lesson.id = :lessonId */ select
            bi1_0.id,
            bi1_0.created_at,
            bi1_0.incident_type,
            bi1_0.lesson_id,
            bi1_0.notes,
            bi1_0.student_id 
        from
            behavioral_incidents bi1_0 
        where
            bi1_0.lesson_id=?
2026-01-18 11:03:07 [http-nio-8080-exec-3] DEBUG org.hibernate.SQL - 
    /* SELECT
        COUNT(bi) 
    FROM
        BehavioralIncident bi 
    WHERE
        bi.student.id = :studentId 
        AND YEAR(bi.createdAt) = :year 
        AND MONTH(bi.createdAt) = :month */ select
            count(bi1_0.id) 
        from
            behavioral_incidents bi1_0 
        where
            bi1_0.student_id=? 
            and extract(year from bi1_0.created_at)=? 
            and extract(month from bi1_0.created_at)=?
2026-01-18 11:03:07 [http-nio-8080-exec-3] DEBUG org.hibernate.SQL - 
    /* SELECT
        COUNT(bi) 
    FROM
        BehavioralIncident bi 
    WHERE
        bi.student.id = :studentId 
        AND YEAR(bi.createdAt) = :year 
        AND MONTH(bi.createdAt) = :month */ select
            count(bi1_0.id) 
        from
            behavioral_incidents bi1_0 
        where
            bi1_0.student_id=? 
            and extract(year from bi1_0.created_at)=? 
            and extract(month from bi1_0.created_at)=?
2026-01-18 11:03:07 [http-nio-8080-exec-3] DEBUG org.hibernate.SQL - 
    select
        twsi1_0.incident_id,
        twsi1_0.talked_with_student_id 
    from
        incident_talked_with_students twsi1_0 
    where
        twsi1_0.incident_id=?
2026-01-18 11:03:07 [http-nio-8080-exec-3] DEBUG org.hibernate.SQL - 
    select
        twsi1_0.incident_id,
        twsi1_0.talked_with_student_id 
    from
        incident_talked_with_students twsi1_0 
    where
        twsi1_0.incident_id=?
2026-01-18 11:03:11 [http-nio-8080-exec-5] DEBUG org.hibernate.SQL - 
    /* SELECT
        l 
    FROM
        Lesson l 
    WHERE
        l.id = :id 
        AND l.deletedAt IS NULL */ select
            l1_0.id,
            l1_0.attendance_marked,
            l1_0.created_at,
            l1_0.date,
            l1_0.deleted_at,
            l1_0.has_homework,
            l1_0.homework_marked,
            l1_0.participation_marked,
            l1_0.topics_free_text,
            l1_0.updated_at 
        from
            lessons l1_0 
        where
            l1_0.id=? 
            and l1_0.deleted_at is null
2026-01-18 11:03:11 [http-nio-8080-exec-5] DEBUG org.hibernate.SQL - 
    select
        s1_0.id,
        s1_0.archived_date,
        s1_0.created_at,
        s1_0.enrollment_date,
        s1_0.father_name,
        s1_0.first_name,
        s1_0.full_name,
        s1_0.parent_id,
        s1_0.search_name,
        s1_0.status,
        s1_0.student_phone,
        s1_0.updated_at 
    from
        students s1_0 
    where
        s1_0.id=?
2026-01-18 11:03:11 [http-nio-8080-exec-5] DEBUG org.hibernate.SQL - 
    /* SELECT
        l 
    FROM
        LessonAttendance l 
    WHERE
        l.lesson.id = :lessonId 
        AND l.student.id = :studentId */ select
            la1_0.id,
            la1_0.attended,
            la1_0.consecutive_absences,
            la1_0.created_at,
            la1_0.lesson_id,
            la1_0.student_id 
        from
            lesson_attendance la1_0 
        where
            la1_0.lesson_id=? 
            and la1_0.student_id=?
2026-01-18 11:03:11 [http-nio-8080-exec-5] DEBUG org.hibernate.SQL - 
    /* insert 
    for
        com.arabictracker.model.BehavioralIncident
        */insert 
    into
        behavioral_incidents (created_at, incident_type, lesson_id, notes, student_id) 
    values
        (?, ?, ?, ?, ?)
2026-01-18 11:03:11 [http-nio-8080-exec-5] DEBUG org.hibernate.SQL - 
    /* SELECT
        COUNT(bi) 
    FROM
        BehavioralIncident bi 
    WHERE
        bi.student.id = :studentId 
        AND YEAR(bi.createdAt) = :year 
        AND MONTH(bi.createdAt) = :month */ select
            count(bi1_0.id) 
        from
            behavioral_incidents bi1_0 
        where
            bi1_0.student_id=? 
            and extract(year from bi1_0.created_at)=? 
            and extract(month from bi1_0.created_at)=?
2026-01-18 11:03:15 [http-nio-8080-exec-7] DEBUG org.hibernate.SQL - 
    /* SELECT
        l 
    FROM
        Lesson l 
    WHERE
        l.id = :id 
        AND l.deletedAt IS NULL */ select
            l1_0.id,
            l1_0.attendance_marked,
            l1_0.created_at,
            l1_0.date,
            l1_0.deleted_at,
            l1_0.has_homework,
            l1_0.homework_marked,
            l1_0.participation_marked,
            l1_0.topics_free_text,
            l1_0.updated_at 
        from
            lessons l1_0 
        where
            l1_0.id=? 
            and l1_0.deleted_at is null
2026-01-18 11:03:15 [http-nio-8080-exec-7] DEBUG org.hibernate.SQL - 
    /* SELECT
        l 
    FROM
        Lesson l 
    WHERE
        l.id = :id 
        AND l.deletedAt IS NULL */ select
            l1_0.id,
            l1_0.attendance_marked,
            l1_0.created_at,
            l1_0.date,
            l1_0.deleted_at,
            l1_0.has_homework,
            l1_0.homework_marked,
            l1_0.participation_marked,
            l1_0.topics_free_text,
            l1_0.updated_at 
        from
            lessons l1_0 
        where
            l1_0.id=? 
            and l1_0.deleted_at is null
2026-01-18 11:03:15 [http-nio-8080-exec-7] DEBUG org.hibernate.SQL - 
    /* SELECT
        b 
    FROM
        BehavioralIncident b 
    WHERE
        b.lesson.id = :lessonId */ select
            bi1_0.id,
            bi1_0.created_at,
            bi1_0.incident_type,
            bi1_0.lesson_id,
            bi1_0.notes,
            bi1_0.student_id 
        from
            behavioral_incidents bi1_0 
        where
            bi1_0.lesson_id=?
2026-01-18 11:03:15 [http-nio-8080-exec-7] DEBUG org.hibernate.SQL - 
    /* SELECT
        COUNT(bi) 
    FROM
        BehavioralIncident bi 
    WHERE
        bi.student.id = :studentId 
        AND YEAR(bi.createdAt) = :year 
        AND MONTH(bi.createdAt) = :month */ select
            count(bi1_0.id) 
        from
            behavioral_incidents bi1_0 
        where
            bi1_0.student_id=? 
            and extract(year from bi1_0.created_at)=? 
            and extract(month from bi1_0.created_at)=?
2026-01-18 11:03:15 [http-nio-8080-exec-7] DEBUG org.hibernate.SQL - 
    /* SELECT
        COUNT(bi) 
    FROM
        BehavioralIncident bi 
    WHERE
        bi.student.id = :studentId 
        AND YEAR(bi.createdAt) = :year 
        AND MONTH(bi.createdAt) = :month */ select
            count(bi1_0.id) 
        from
            behavioral_incidents bi1_0 
        where
            bi1_0.student_id=? 
            and extract(year from bi1_0.created_at)=? 
            and extract(month from bi1_0.created_at)=?
2026-01-18 11:03:15 [http-nio-8080-exec-7] DEBUG org.hibernate.SQL - 
    /* SELECT
        COUNT(bi) 
    FROM
        BehavioralIncident bi 
    WHERE
        bi.student.id = :studentId 
        AND YEAR(bi.createdAt) = :year 
        AND MONTH(bi.createdAt) = :month */ select
            count(bi1_0.id) 
        from
            behavioral_incidents bi1_0 
        where
            bi1_0.student_id=? 
            and extract(year from bi1_0.created_at)=? 
            and extract(month from bi1_0.created_at)=?
2026-01-18 11:03:15 [http-nio-8080-exec-7] DEBUG org.hibernate.SQL - 
    /* SELECT
        l 
    FROM
        LessonAttendance l 
    WHERE
        l.lesson.id = :lessonId */ select
            la1_0.id,
            la1_0.attended,
            la1_0.consecutive_absences,
            la1_0.created_at,
            la1_0.lesson_id,
            la1_0.student_id 
        from
            lesson_attendance la1_0 
        where
            la1_0.lesson_id=?
2026-01-18 11:03:15 [http-nio-8080-exec-7] DEBUG org.hibernate.SQL - 
    select
        s1_0.id,
        s1_0.archived_date,
        s1_0.created_at,
        s1_0.enrollment_date,
        s1_0.father_name,
        s1_0.first_name,
        s1_0.full_name,
        s1_0.parent_id,
        s1_0.search_name,
        s1_0.status,
        s1_0.student_phone,
        s1_0.updated_at 
    from
        students s1_0 
    where
        s1_0.id=?
2026-01-18 11:03:15 [http-nio-8080-exec-7] DEBUG org.hibernate.SQL - 
    /* SELECT
        l 
    FROM
        LessonHomework l 
    WHERE
        l.lesson.id = :lessonId 
        AND l.student.id = :studentId */ select
            lh1_0.id,
            lh1_0.completed,
            lh1_0.created_at,
            lh1_0.lesson_id,
            lh1_0.student_id 
        from
            lesson_homework lh1_0 
        where
            lh1_0.lesson_id=? 
            and lh1_0.student_id=?
2026-01-18 11:03:15 [http-nio-8080-exec-7] DEBUG org.hibernate.SQL - 
    /* SELECT
        l 
    FROM
        LessonParticipation l 
    WHERE
        l.lesson.id = :lessonId 
        AND l.student.id = :studentId */ select
            lp1_0.id,
            lp1_0.created_at,
            lp1_0.lesson_id,
            lp1_0.score,
            lp1_0.student_id 
        from
            lesson_participation lp1_0 
        where
            lp1_0.lesson_id=? 
            and lp1_0.student_id=?
2026-01-18 11:03:15 [http-nio-8080-exec-7] DEBUG org.hibernate.SQL - 
    select
        s1_0.id,
        s1_0.archived_date,
        s1_0.created_at,
        s1_0.enrollment_date,
        s1_0.father_name,
        s1_0.first_name,
        s1_0.full_name,
        s1_0.parent_id,
        s1_0.search_name,
        s1_0.status,
        s1_0.student_phone,
        s1_0.updated_at 
    from
        students s1_0 
    where
        s1_0.id=?
2026-01-18 11:03:15 [http-nio-8080-exec-7] DEBUG org.hibernate.SQL - 
    /* SELECT
        l 
    FROM
        LessonHomework l 
    WHERE
        l.lesson.id = :lessonId 
        AND l.student.id = :studentId */ select
            lh1_0.id,
            lh1_0.completed,
            lh1_0.created_at,
            lh1_0.lesson_id,
            lh1_0.student_id 
        from
            lesson_homework lh1_0 
        where
            lh1_0.lesson_id=? 
            and lh1_0.student_id=?
2026-01-18 11:03:15 [http-nio-8080-exec-7] DEBUG org.hibernate.SQL - 
    /* SELECT
        l 
    FROM
        LessonParticipation l 
    WHERE
        l.lesson.id = :lessonId 
        AND l.student.id = :studentId */ select
            lp1_0.id,
            lp1_0.created_at,
            lp1_0.lesson_id,
            lp1_0.score,
            lp1_0.student_id 
        from
            lesson_participation lp1_0 
        where
            lp1_0.lesson_id=? 
            and lp1_0.student_id=?
2026-01-18 11:03:15 [http-nio-8080-exec-7] DEBUG org.hibernate.SQL - 
    select
        s1_0.id,
        s1_0.archived_date,
        s1_0.created_at,
        s1_0.enrollment_date,
        s1_0.father_name,
        s1_0.first_name,
        s1_0.full_name,
        s1_0.parent_id,
        s1_0.search_name,
        s1_0.status,
        s1_0.student_phone,
        s1_0.updated_at 
    from
        students s1_0 
    where
        s1_0.id=?
2026-01-18 11:03:16 [http-nio-8080-exec-7] DEBUG org.hibernate.SQL - 
    select
        twsi1_0.incident_id,
        twsi1_0.talked_with_student_id 
    from
        incident_talked_with_students twsi1_0 
    where
        twsi1_0.incident_id=?
2026-01-18 11:03:16 [http-nio-8080-exec-7] DEBUG org.hibernate.SQL - 
    select
        twsi1_0.incident_id,
        twsi1_0.talked_with_student_id 
    from
        incident_talked_with_students twsi1_0 
    where
        twsi1_0.incident_id=?
2026-01-18 11:03:16 [http-nio-8080-exec-7] DEBUG org.hibernate.SQL - 
    select
        twsi1_0.incident_id,
        twsi1_0.talked_with_student_id 
    from
        incident_talked_with_students twsi1_0 
    where
        twsi1_0.incident_id=?
2026-01-18 11:03:16 [http-nio-8080-exec-7] DEBUG org.hibernate.SQL - 
    select
        ct1_0.lesson_id,
        ct1_0.category_tag 
    from
        lesson_category_tags ct1_0 
    where
        ct1_0.lesson_id=?
2026-01-18 11:12:39 [File Watcher] INFO  o.s.b.d.a.LocalDevToolsAutoConfiguration$RestartingClassPathChangeChangedEventListener - Restarting due to 1 class path change (1 addition, 0 deletions, 0 modifications)
2026-01-18 11:12:39 [Thread-1] INFO  o.s.boot.tomcat.GracefulShutdown - Commencing graceful shutdown. Waiting for active requests to complete
2026-01-18 11:12:39 [tomcat-shutdown] INFO  o.s.boot.tomcat.GracefulShutdown - Graceful shutdown complete
2026-01-18 11:12:39 [Thread-1] INFO  o.s.o.j.LocalContainerEntityManagerFactoryBean - Closing JPA EntityManagerFactory for persistence unit 'default'
2026-01-18 11:12:39 [Thread-1] INFO  com.zaxxer.hikari.HikariDataSource - HikariPool-1 - Shutdown initiated...
2026-01-18 11:12:39 [Thread-1] INFO  com.zaxxer.hikari.HikariDataSource - HikariPool-1 - Shutdown completed.
2026-01-18 11:12:40 [restartedMain] INFO  c.a.ArabicTrackerApplication - Starting ArabicTrackerApplication using Java 21.0.8 with PID 4596 (G:\Projects\Java Projects\ExternalProjects\StudentTrackingSystem\Backend\arabic-student-tracker\target\classes started by HusseinVR97 in G:\Projects\Java Projects\ExternalProjects\StudentTrackingSystem\Backend)
2026-01-18 11:12:40 [restartedMain] DEBUG c.a.ArabicTrackerApplication - Running with Spring Boot v4.0.0, Spring v7.0.1
2026-01-18 11:12:40 [restartedMain] INFO  c.a.ArabicTrackerApplication - No active profile set, falling back to 1 default profile: "default"
2026-01-18 11:12:41 [restartedMain] INFO  o.s.d.r.c.RepositoryConfigurationDelegate - Bootstrapping Spring Data JPA repositories in DEFAULT mode.
2026-01-18 11:12:41 [restartedMain] INFO  o.s.d.r.c.RepositoryConfigurationDelegate - Finished Spring Data repository scanning in 95 ms. Found 8 JPA repository interfaces.
2026-01-18 11:12:42 [restartedMain] INFO  o.s.boot.tomcat.TomcatWebServer - Tomcat initialized with port 8080 (http)
2026-01-18 11:12:42 [restartedMain] INFO  o.a.catalina.core.StandardService - Starting service [Tomcat]
2026-01-18 11:12:42 [restartedMain] INFO  o.a.catalina.core.StandardEngine - Starting Servlet engine: [Apache Tomcat/11.0.14]
2026-01-18 11:12:42 [restartedMain] INFO  o.s.b.w.c.s.WebApplicationContextInitializer - Root WebApplicationContext: initialization completed in 2006 ms
2026-01-18 11:12:42 [restartedMain] INFO  o.h.jpa.internal.util.LogHelper - HHH000204: Processing PersistenceUnitInfo [name: default]
2026-01-18 11:12:42 [restartedMain] INFO  o.s.o.j.p.SpringPersistenceUnitInfo - No LoadTimeWeaver setup: ignoring JPA class transformer
2026-01-18 11:12:42 [restartedMain] INFO  com.zaxxer.hikari.HikariDataSource - HikariPool-2 - Starting...
2026-01-18 11:12:42 [restartedMain] INFO  com.zaxxer.hikari.pool.HikariPool - HikariPool-2 - Added connection org.postgresql.jdbc.PgConnection@54ff9a5
2026-01-18 11:12:42 [restartedMain] INFO  com.zaxxer.hikari.HikariDataSource - HikariPool-2 - Start completed.
2026-01-18 11:12:42 [restartedMain] WARN  org.hibernate.orm.deprecation - HHH90000025: PostgreSQLDialect does not need to be specified explicitly using 'hibernate.dialect' (remove the property setting and it will be selected by default)
2026-01-18 11:12:42 [restartedMain] INFO  o.hibernate.orm.connections.pooling - HHH10001005: Database info:
	Database JDBC URL [jdbc:postgresql://localhost:5432/arabic_student_tracker_db]
	Database driver: PostgreSQL JDBC Driver
	Database dialect: PostgreSQLDialect
	Database version: 18.1
	Default catalog/schema: arabic_student_tracker_db/public
	Autocommit mode: undefined/unknown
	Isolation level: READ_COMMITTED [default READ_COMMITTED]
	JDBC fetch size: none
	Pool: DatasourceConnectionProviderImpl
	Minimum pool size: undefined/unknown
	Maximum pool size: undefined/unknown
2026-01-18 11:12:43 [restartedMain] INFO  o.h.e.t.j.p.i.JtaPlatformInitiator - HHH000489: No JTA platform available (set 'hibernate.transaction.jta.platform' to enable JTA platform integration)
2026-01-18 11:12:43 [restartedMain] INFO  org.hibernate.orm.jdbc.batch - HHH100501: Automatic JDBC statement batching enabled (maximum batch size 20)
2026-01-18 11:12:43 [restartedMain] INFO  o.s.o.j.LocalContainerEntityManagerFactoryBean - Initialized JPA EntityManagerFactory for persistence unit 'default'
2026-01-18 11:12:43 [restartedMain] WARN  o.s.b.j.a.JpaBaseConfiguration$JpaWebConfiguration - spring.jpa.open-in-view is enabled by default. Therefore, database queries may be performed during view rendering. Explicitly configure spring.jpa.open-in-view to disable this warning
2026-01-18 11:12:43 [restartedMain] INFO  o.s.b.a.e.web.EndpointLinksResolver - Exposing 3 endpoints beneath base path '/actuator'
2026-01-18 11:12:44 [restartedMain] INFO  o.s.boot.tomcat.TomcatWebServer - Tomcat started on port 8080 (http) with context path '/'
2026-01-18 11:12:44 [restartedMain] INFO  c.a.ArabicTrackerApplication - Started ArabicTrackerApplication in 3.965 seconds (process running for 2789.193)
2026-01-18 11:12:44 [restartedMain] INFO  o.s.b.d.a.ConditionEvaluationDeltaLoggingListener - Condition evaluation unchanged
2026-01-18 11:12:50 [File Watcher] INFO  o.s.b.d.a.LocalDevToolsAutoConfiguration$RestartingClassPathChangeChangedEventListener - Restarting due to 1 class path change (0 additions, 0 deletions, 1 modification)
2026-01-18 11:12:50 [Thread-5] INFO  o.s.boot.tomcat.GracefulShutdown - Commencing graceful shutdown. Waiting for active requests to complete
2026-01-18 11:12:50 [tomcat-shutdown] INFO  o.s.boot.tomcat.GracefulShutdown - Graceful shutdown complete
2026-01-18 11:12:50 [Thread-5] INFO  o.s.o.j.LocalContainerEntityManagerFactoryBean - Closing JPA EntityManagerFactory for persistence unit 'default'
2026-01-18 11:12:50 [Thread-5] INFO  com.zaxxer.hikari.HikariDataSource - HikariPool-2 - Shutdown initiated...
2026-01-18 11:12:50 [Thread-5] INFO  com.zaxxer.hikari.HikariDataSource - HikariPool-2 - Shutdown completed.
2026-01-18 11:12:50 [restartedMain] INFO  c.a.ArabicTrackerApplication - Starting ArabicTrackerApplication using Java 21.0.8 with PID 4596 (G:\Projects\Java Projects\ExternalProjects\StudentTrackingSystem\Backend\arabic-student-tracker\target\classes started by HusseinVR97 in G:\Projects\Java Projects\ExternalProjects\StudentTrackingSystem\Backend)
2026-01-18 11:12:50 [restartedMain] DEBUG c.a.ArabicTrackerApplication - Running with Spring Boot v4.0.0, Spring v7.0.1
2026-01-18 11:12:50 [restartedMain] INFO  c.a.ArabicTrackerApplication - No active profile set, falling back to 1 default profile: "default"
2026-01-18 11:12:51 [restartedMain] INFO  o.s.d.r.c.RepositoryConfigurationDelegate - Bootstrapping Spring Data JPA repositories in DEFAULT mode.
2026-01-18 11:12:52 [restartedMain] INFO  o.s.d.r.c.RepositoryConfigurationDelegate - Finished Spring Data repository scanning in 277 ms. Found 8 JPA repository interfaces.
2026-01-18 11:12:52 [restartedMain] INFO  o.s.boot.tomcat.TomcatWebServer - Tomcat initialized with port 8080 (http)
2026-01-18 11:12:52 [restartedMain] INFO  o.a.catalina.core.StandardService - Starting service [Tomcat]
2026-01-18 11:12:52 [restartedMain] INFO  o.a.catalina.core.StandardEngine - Starting Servlet engine: [Apache Tomcat/11.0.14]
2026-01-18 11:12:52 [restartedMain] INFO  o.s.b.w.c.s.WebApplicationContextInitializer - Root WebApplicationContext: initialization completed in 1947 ms
2026-01-18 11:12:52 [restartedMain] INFO  o.h.jpa.internal.util.LogHelper - HHH000204: Processing PersistenceUnitInfo [name: default]
2026-01-18 11:12:52 [restartedMain] INFO  o.s.o.j.p.SpringPersistenceUnitInfo - No LoadTimeWeaver setup: ignoring JPA class transformer
2026-01-18 11:12:52 [restartedMain] INFO  com.zaxxer.hikari.HikariDataSource - HikariPool-3 - Starting...
2026-01-18 11:12:52 [restartedMain] INFO  com.zaxxer.hikari.pool.HikariPool - HikariPool-3 - Added connection org.postgresql.jdbc.PgConnection@2ed5e41f
2026-01-18 11:12:52 [restartedMain] INFO  com.zaxxer.hikari.HikariDataSource - HikariPool-3 - Start completed.
2026-01-18 11:12:52 [restartedMain] WARN  org.hibernate.orm.deprecation - HHH90000025: PostgreSQLDialect does not need to be specified explicitly using 'hibernate.dialect' (remove the property setting and it will be selected by default)
2026-01-18 11:12:52 [restartedMain] INFO  o.hibernate.orm.connections.pooling - HHH10001005: Database info:
	Database JDBC URL [jdbc:postgresql://localhost:5432/arabic_student_tracker_db]
	Database driver: PostgreSQL JDBC Driver
	Database dialect: PostgreSQLDialect
	Database version: 18.1
	Default catalog/schema: arabic_student_tracker_db/public
	Autocommit mode: undefined/unknown
	Isolation level: READ_COMMITTED [default READ_COMMITTED]
	JDBC fetch size: none
	Pool: DatasourceConnectionProviderImpl
	Minimum pool size: undefined/unknown
	Maximum pool size: undefined/unknown
2026-01-18 11:12:53 [restartedMain] INFO  o.h.e.t.j.p.i.JtaPlatformInitiator - HHH000489: No JTA platform available (set 'hibernate.transaction.jta.platform' to enable JTA platform integration)
2026-01-18 11:12:53 [restartedMain] INFO  org.hibernate.orm.jdbc.batch - HHH100501: Automatic JDBC statement batching enabled (maximum batch size 20)
2026-01-18 11:12:53 [restartedMain] INFO  o.s.o.j.LocalContainerEntityManagerFactoryBean - Initialized JPA EntityManagerFactory for persistence unit 'default'
2026-01-18 11:12:54 [restartedMain] WARN  o.s.b.j.a.JpaBaseConfiguration$JpaWebConfiguration - spring.jpa.open-in-view is enabled by default. Therefore, database queries may be performed during view rendering. Explicitly configure spring.jpa.open-in-view to disable this warning
2026-01-18 11:12:54 [restartedMain] INFO  o.s.b.a.e.web.EndpointLinksResolver - Exposing 3 endpoints beneath base path '/actuator'
2026-01-18 11:12:54 [restartedMain] INFO  o.s.boot.tomcat.TomcatWebServer - Tomcat started on port 8080 (http) with context path '/'
2026-01-18 11:12:54 [restartedMain] INFO  c.a.ArabicTrackerApplication - Started ArabicTrackerApplication in 4.244 seconds (process running for 2800.031)
2026-01-18 11:12:54 [restartedMain] INFO  o.s.b.d.a.ConditionEvaluationDeltaLoggingListener - Condition evaluation unchanged
2026-01-18 11:13:50 [File Watcher] INFO  o.s.b.d.a.LocalDevToolsAutoConfiguration$RestartingClassPathChangeChangedEventListener - Restarting due to 2 class path changes (0 additions, 0 deletions, 2 modifications)
2026-01-18 11:13:50 [Thread-9] INFO  o.s.boot.tomcat.GracefulShutdown - Commencing graceful shutdown. Waiting for active requests to complete
2026-01-18 11:13:50 [tomcat-shutdown] INFO  o.s.boot.tomcat.GracefulShutdown - Graceful shutdown complete
2026-01-18 11:13:50 [Thread-9] INFO  o.s.o.j.LocalContainerEntityManagerFactoryBean - Closing JPA EntityManagerFactory for persistence unit 'default'
2026-01-18 11:13:50 [Thread-9] INFO  com.zaxxer.hikari.HikariDataSource - HikariPool-3 - Shutdown initiated...
2026-01-18 11:13:50 [Thread-9] INFO  com.zaxxer.hikari.HikariDataSource - HikariPool-3 - Shutdown completed.
2026-01-18 11:13:50 [restartedMain] INFO  c.a.ArabicTrackerApplication - Starting ArabicTrackerApplication using Java 21.0.8 with PID 4596 (G:\Projects\Java Projects\ExternalProjects\StudentTrackingSystem\Backend\arabic-student-tracker\target\classes started by HusseinVR97 in G:\Projects\Java Projects\ExternalProjects\StudentTrackingSystem\Backend)
2026-01-18 11:13:50 [restartedMain] DEBUG c.a.ArabicTrackerApplication - Running with Spring Boot v4.0.0, Spring v7.0.1
2026-01-18 11:13:50 [restartedMain] INFO  c.a.ArabicTrackerApplication - No active profile set, falling back to 1 default profile: "default"
2026-01-18 11:13:51 [restartedMain] INFO  o.s.d.r.c.RepositoryConfigurationDelegate - Bootstrapping Spring Data JPA repositories in DEFAULT mode.
2026-01-18 11:13:51 [restartedMain] INFO  o.s.d.r.c.RepositoryConfigurationDelegate - Finished Spring Data repository scanning in 21 ms. Found 8 JPA repository interfaces.
2026-01-18 11:13:51 [restartedMain] INFO  o.s.boot.tomcat.TomcatWebServer - Tomcat initialized with port 8080 (http)
2026-01-18 11:13:51 [restartedMain] INFO  o.a.catalina.core.StandardService - Starting service [Tomcat]
2026-01-18 11:13:51 [restartedMain] INFO  o.a.catalina.core.StandardEngine - Starting Servlet engine: [Apache Tomcat/11.0.14]
2026-01-18 11:13:51 [restartedMain] INFO  o.s.b.w.c.s.WebApplicationContextInitializer - Root WebApplicationContext: initialization completed in 420 ms
2026-01-18 11:13:51 [restartedMain] INFO  o.h.jpa.internal.util.LogHelper - HHH000204: Processing PersistenceUnitInfo [name: default]
2026-01-18 11:13:51 [restartedMain] INFO  o.s.o.j.p.SpringPersistenceUnitInfo - No LoadTimeWeaver setup: ignoring JPA class transformer
2026-01-18 11:13:51 [restartedMain] INFO  com.zaxxer.hikari.HikariDataSource - HikariPool-4 - Starting...
2026-01-18 11:13:51 [restartedMain] INFO  com.zaxxer.hikari.pool.HikariPool - HikariPool-4 - Added connection org.postgresql.jdbc.PgConnection@455cf9c5
2026-01-18 11:13:51 [restartedMain] INFO  com.zaxxer.hikari.HikariDataSource - HikariPool-4 - Start completed.
2026-01-18 11:13:51 [restartedMain] WARN  org.hibernate.orm.deprecation - HHH90000025: PostgreSQLDialect does not need to be specified explicitly using 'hibernate.dialect' (remove the property setting and it will be selected by default)
2026-01-18 11:13:51 [restartedMain] INFO  o.hibernate.orm.connections.pooling - HHH10001005: Database info:
	Database JDBC URL [jdbc:postgresql://localhost:5432/arabic_student_tracker_db]
	Database driver: PostgreSQL JDBC Driver
	Database dialect: PostgreSQLDialect
	Database version: 18.1
	Default catalog/schema: arabic_student_tracker_db/public
	Autocommit mode: undefined/unknown
	Isolation level: READ_COMMITTED [default READ_COMMITTED]
	JDBC fetch size: none
	Pool: DatasourceConnectionProviderImpl
	Minimum pool size: undefined/unknown
	Maximum pool size: undefined/unknown
2026-01-18 11:13:51 [restartedMain] INFO  o.h.e.t.j.p.i.JtaPlatformInitiator - HHH000489: No JTA platform available (set 'hibernate.transaction.jta.platform' to enable JTA platform integration)
2026-01-18 11:13:51 [restartedMain] INFO  org.hibernate.orm.jdbc.batch - HHH100501: Automatic JDBC statement batching enabled (maximum batch size 20)
2026-01-18 11:13:51 [restartedMain] INFO  o.s.o.j.LocalContainerEntityManagerFactoryBean - Initialized JPA EntityManagerFactory for persistence unit 'default'
2026-01-18 11:13:51 [restartedMain] WARN  o.s.b.j.a.JpaBaseConfiguration$JpaWebConfiguration - spring.jpa.open-in-view is enabled by default. Therefore, database queries may be performed during view rendering. Explicitly configure spring.jpa.open-in-view to disable this warning
2026-01-18 11:13:51 [restartedMain] INFO  o.s.b.a.e.web.EndpointLinksResolver - Exposing 3 endpoints beneath base path '/actuator'
2026-01-18 11:13:51 [restartedMain] INFO  o.s.boot.tomcat.TomcatWebServer - Tomcat started on port 8080 (http) with context path '/'
2026-01-18 11:13:51 [restartedMain] INFO  c.a.ArabicTrackerApplication - Started ArabicTrackerApplication in 1.368 seconds (process running for 2857.159)
2026-01-18 11:13:51 [restartedMain] INFO  o.s.b.d.a.ConditionEvaluationDeltaLoggingListener - Condition evaluation unchanged
2026-01-18 11:29:11 [http-nio-8080-exec-1] INFO  o.a.c.c.C.[Tomcat].[localhost].[/] - Initializing Spring DispatcherServlet 'dispatcherServlet'
2026-01-18 11:29:11 [http-nio-8080-exec-1] INFO  o.s.web.servlet.DispatcherServlet - Initializing Servlet 'dispatcherServlet'
2026-01-18 11:29:11 [http-nio-8080-exec-1] INFO  o.s.web.servlet.DispatcherServlet - Completed initialization in 3 ms
2026-01-18 11:29:17 [http-nio-8080-exec-1] DEBUG org.hibernate.SQL - 
    /* <criteria> */ select
        s1_0.id,
        s1_0.archived_date,
        s1_0.created_at,
        s1_0.enrollment_date,
        s1_0.father_name,
        s1_0.first_name,
        s1_0.full_name,
        s1_0.parent_id,
        s1_0.search_name,
        s1_0.status,
        s1_0.student_phone,
        s1_0.updated_at 
    from
        students s1_0
2026-01-18 11:29:17 [http-nio-8080-exec-1] DEBUG org.hibernate.SQL - 
    select
        p1_0.id,
        p1_0.created_at,
        p1_0.email,
        p1_0.full_name,
        p1_0.phone,
        p1_0.preferred_contact_method,
        p1_0.updated_at,
        p1_0.whatsapp_number 
    from
        parents p1_0 
    where
        p1_0.id=?
2026-01-18 11:29:17 [http-nio-8080-exec-1] DEBUG org.hibernate.SQL - 
    select
        p1_0.id,
        p1_0.created_at,
        p1_0.email,
        p1_0.full_name,
        p1_0.phone,
        p1_0.preferred_contact_method,
        p1_0.updated_at,
        p1_0.whatsapp_number 
    from
        parents p1_0 
    where
        p1_0.id=?
2026-01-18 11:29:17 [http-nio-8080-exec-1] DEBUG org.hibernate.SQL - 
    select
        p1_0.id,
        p1_0.created_at,
        p1_0.email,
        p1_0.full_name,
        p1_0.phone,
        p1_0.preferred_contact_method,
        p1_0.updated_at,
        p1_0.whatsapp_number 
    from
        parents p1_0 
    where
        p1_0.id=?
2026-01-18 11:29:17 [http-nio-8080-exec-1] DEBUG org.hibernate.SQL - 
    select
        p1_0.id,
        p1_0.created_at,
        p1_0.email,
        p1_0.full_name,
        p1_0.phone,
        p1_0.preferred_contact_method,
        p1_0.updated_at,
        p1_0.whatsapp_number 
    from
        parents p1_0 
    where
        p1_0.id=?
2026-01-18 11:29:17 [http-nio-8080-exec-1] DEBUG org.hibernate.SQL - 
    select
        p1_0.id,
        p1_0.created_at,
        p1_0.email,
        p1_0.full_name,
        p1_0.phone,
        p1_0.preferred_contact_method,
        p1_0.updated_at,
        p1_0.whatsapp_number 
    from
        parents p1_0 
    where
        p1_0.id=?
2026-01-18 11:29:23 [http-nio-8080-exec-3] DEBUG org.hibernate.SQL - 
    select
        s1_0.id,
        s1_0.archived_date,
        s1_0.created_at,
        s1_0.enrollment_date,
        s1_0.father_name,
        s1_0.first_name,
        s1_0.full_name,
        s1_0.parent_id,
        s1_0.search_name,
        s1_0.status,
        s1_0.student_phone,
        s1_0.updated_at 
    from
        students s1_0 
    where
        s1_0.id=?
2026-01-18 11:29:23 [http-nio-8080-exec-3] DEBUG org.hibernate.SQL - 
    select
        p1_0.id,
        p1_0.created_at,
        p1_0.email,
        p1_0.full_name,
        p1_0.phone,
        p1_0.preferred_contact_method,
        p1_0.updated_at,
        p1_0.whatsapp_number 
    from
        parents p1_0 
    where
        p1_0.id=?
2026-01-18 11:29:23 [http-nio-8080-exec-3] DEBUG org.hibernate.SQL - 
    /* SELECT
        la 
    FROM
        LessonAttendance la 
    WHERE
        la.student.id = :studentId 
        AND la.lesson.date BETWEEN :startDate AND :endDate 
    ORDER BY
        la.lesson.date */ select
            la1_0.id,
            la1_0.attended,
            la1_0.consecutive_absences,
            la1_0.created_at,
            la1_0.lesson_id,
            la1_0.student_id 
        from
            lesson_attendance la1_0 
        join
            lessons l1_0 
                on l1_0.id=la1_0.lesson_id 
        where
            la1_0.student_id=? 
            and l1_0.date between ? and ? 
        order by
            l1_0.date
2026-01-18 11:29:23 [http-nio-8080-exec-3] DEBUG org.hibernate.SQL - 
    select
        l1_0.id,
        l1_0.attendance_marked,
        l1_0.created_at,
        l1_0.date,
        l1_0.deleted_at,
        l1_0.has_homework,
        l1_0.homework_marked,
        l1_0.participation_marked,
        l1_0.topics_free_text,
        l1_0.updated_at 
    from
        lessons l1_0 
    where
        l1_0.id=?
2026-01-18 11:29:23 [http-nio-8080-exec-3] DEBUG org.hibernate.SQL - 
    select
        l1_0.id,
        l1_0.attendance_marked,
        l1_0.created_at,
        l1_0.date,
        l1_0.deleted_at,
        l1_0.has_homework,
        l1_0.homework_marked,
        l1_0.participation_marked,
        l1_0.topics_free_text,
        l1_0.updated_at 
    from
        lessons l1_0 
    where
        l1_0.id=?
2026-01-18 11:29:23 [http-nio-8080-exec-3] DEBUG org.hibernate.SQL - 
    select
        l1_0.id,
        l1_0.attendance_marked,
        l1_0.created_at,
        l1_0.date,
        l1_0.deleted_at,
        l1_0.has_homework,
        l1_0.homework_marked,
        l1_0.participation_marked,
        l1_0.topics_free_text,
        l1_0.updated_at 
    from
        lessons l1_0 
    where
        l1_0.id=?
2026-01-18 11:29:23 [http-nio-8080-exec-3] DEBUG org.hibernate.SQL - 
    select
        l1_0.id,
        l1_0.attendance_marked,
        l1_0.created_at,
        l1_0.date,
        l1_0.deleted_at,
        l1_0.has_homework,
        l1_0.homework_marked,
        l1_0.participation_marked,
        l1_0.topics_free_text,
        l1_0.updated_at 
    from
        lessons l1_0 
    where
        l1_0.id=?
2026-01-18 11:29:23 [http-nio-8080-exec-3] DEBUG org.hibernate.SQL - 
    /* SELECT
        b 
    FROM
        BehavioralIncident b 
    WHERE
        b.student.id = :studentId */ select
            bi1_0.id,
            bi1_0.created_at,
            bi1_0.incident_type,
            bi1_0.lesson_id,
            bi1_0.notes,
            bi1_0.student_id 
        from
            behavioral_incidents bi1_0 
        where
            bi1_0.student_id=?
2026-01-18 11:29:23 [http-nio-8080-exec-3] DEBUG org.hibernate.SQL - 
    /* SELECT
        COUNT(bi) 
    FROM
        BehavioralIncident bi 
    WHERE
        bi.student.id = :studentId 
        AND YEAR(bi.createdAt) = :year 
        AND MONTH(bi.createdAt) = :month */ select
            count(bi1_0.id) 
        from
            behavioral_incidents bi1_0 
        where
            bi1_0.student_id=? 
            and extract(year from bi1_0.created_at)=? 
            and extract(month from bi1_0.created_at)=?
2026-01-18 11:29:24 [http-nio-8080-exec-3] DEBUG org.hibernate.SQL - 
    select
        twsi1_0.incident_id,
        twsi1_0.talked_with_student_id 
    from
        incident_talked_with_students twsi1_0 
    where
        twsi1_0.incident_id=?
2026-01-18 11:29:53 [http-nio-8080-exec-5] DEBUG org.hibernate.SQL - 
    /* SELECT
        l 
    FROM
        Lesson l 
    WHERE
        l.deletedAt IS NULL */ select
            l1_0.id,
            l1_0.attendance_marked,
            l1_0.created_at,
            l1_0.date,
            l1_0.deleted_at,
            l1_0.has_homework,
            l1_0.homework_marked,
            l1_0.participation_marked,
            l1_0.topics_free_text,
            l1_0.updated_at 
        from
            lessons l1_0 
        where
            l1_0.deleted_at is null
2026-01-18 11:29:53 [http-nio-8080-exec-5] DEBUG org.hibernate.SQL - 
    /* SELECT
        l 
    FROM
        LessonAttendance l 
    WHERE
        l.lesson.id = :lessonId */ select
            la1_0.id,
            la1_0.attended,
            la1_0.consecutive_absences,
            la1_0.created_at,
            la1_0.lesson_id,
            la1_0.student_id 
        from
            lesson_attendance la1_0 
        where
            la1_0.lesson_id=?
2026-01-18 11:29:53 [http-nio-8080-exec-5] DEBUG org.hibernate.SQL - 
    /* SELECT
        s 
    FROM
        Student s 
    WHERE
        s.status = :status */ select
            s1_0.id,
            s1_0.archived_date,
            s1_0.created_at,
            s1_0.enrollment_date,
            s1_0.father_name,
            s1_0.first_name,
            s1_0.full_name,
            s1_0.parent_id,
            s1_0.search_name,
            s1_0.status,
            s1_0.student_phone,
            s1_0.updated_at 
        from
            students s1_0 
        where
            s1_0.status=?
2026-01-18 11:29:53 [http-nio-8080-exec-5] DEBUG org.hibernate.SQL - 
    /* SELECT
        l 
    FROM
        LessonAttendance l 
    WHERE
        l.lesson.id = :lessonId */ select
            la1_0.id,
            la1_0.attended,
            la1_0.consecutive_absences,
            la1_0.created_at,
            la1_0.lesson_id,
            la1_0.student_id 
        from
            lesson_attendance la1_0 
        where
            la1_0.lesson_id=?
2026-01-18 11:29:53 [http-nio-8080-exec-5] DEBUG org.hibernate.SQL - 
    /* SELECT
        s 
    FROM
        Student s 
    WHERE
        s.status = :status */ select
            s1_0.id,
            s1_0.archived_date,
            s1_0.created_at,
            s1_0.enrollment_date,
            s1_0.father_name,
            s1_0.first_name,
            s1_0.full_name,
            s1_0.parent_id,
            s1_0.search_name,
            s1_0.status,
            s1_0.student_phone,
            s1_0.updated_at 
        from
            students s1_0 
        where
            s1_0.status=?
2026-01-18 11:29:55 [http-nio-8080-exec-5] DEBUG org.hibernate.SQL - 
    select
        ct1_0.lesson_id,
        ct1_0.category_tag 
    from
        lesson_category_tags ct1_0 
    where
        ct1_0.lesson_id=?
2026-01-18 11:29:55 [http-nio-8080-exec-5] DEBUG org.hibernate.SQL - 
    select
        ct1_0.lesson_id,
        ct1_0.category_tag 
    from
        lesson_category_tags ct1_0 
    where
        ct1_0.lesson_id=?
2026-01-18 11:30:07 [http-nio-8080-exec-7] DEBUG org.hibernate.SQL - 
    /* SELECT
        l 
    FROM
        Lesson l 
    WHERE
        l.deletedAt IS NOT NULL */ select
            l1_0.id,
            l1_0.attendance_marked,
            l1_0.created_at,
            l1_0.date,
            l1_0.deleted_at,
            l1_0.has_homework,
            l1_0.homework_marked,
            l1_0.participation_marked,
            l1_0.topics_free_text,
            l1_0.updated_at 
        from
            lessons l1_0 
        where
            l1_0.deleted_at is not null
2026-01-18 11:30:07 [http-nio-8080-exec-7] DEBUG org.hibernate.SQL - 
    /* SELECT
        l 
    FROM
        LessonAttendance l 
    WHERE
        l.lesson.id = :lessonId */ select
            la1_0.id,
            la1_0.attended,
            la1_0.consecutive_absences,
            la1_0.created_at,
            la1_0.lesson_id,
            la1_0.student_id 
        from
            lesson_attendance la1_0 
        where
            la1_0.lesson_id=?
2026-01-18 11:30:07 [http-nio-8080-exec-7] DEBUG org.hibernate.SQL - 
    /* SELECT
        s 
    FROM
        Student s 
    WHERE
        s.status = :status */ select
            s1_0.id,
            s1_0.archived_date,
            s1_0.created_at,
            s1_0.enrollment_date,
            s1_0.father_name,
            s1_0.first_name,
            s1_0.full_name,
            s1_0.parent_id,
            s1_0.search_name,
            s1_0.status,
            s1_0.student_phone,
            s1_0.updated_at 
        from
            students s1_0 
        where
            s1_0.status=?
2026-01-18 11:30:07 [http-nio-8080-exec-7] DEBUG org.hibernate.SQL - 
    /* SELECT
        l 
    FROM
        LessonAttendance l 
    WHERE
        l.lesson.id = :lessonId */ select
            la1_0.id,
            la1_0.attended,
            la1_0.consecutive_absences,
            la1_0.created_at,
            la1_0.lesson_id,
            la1_0.student_id 
        from
            lesson_attendance la1_0 
        where
            la1_0.lesson_id=?
2026-01-18 11:30:07 [http-nio-8080-exec-7] DEBUG org.hibernate.SQL - 
    /* SELECT
        s 
    FROM
        Student s 
    WHERE
        s.status = :status */ select
            s1_0.id,
            s1_0.archived_date,
            s1_0.created_at,
            s1_0.enrollment_date,
            s1_0.father_name,
            s1_0.first_name,
            s1_0.full_name,
            s1_0.parent_id,
            s1_0.search_name,
            s1_0.status,
            s1_0.student_phone,
            s1_0.updated_at 
        from
            students s1_0 
        where
            s1_0.status=?
2026-01-18 11:30:07 [http-nio-8080-exec-7] DEBUG org.hibernate.SQL - 
    /* SELECT
        l 
    FROM
        LessonAttendance l 
    WHERE
        l.lesson.id = :lessonId */ select
            la1_0.id,
            la1_0.attended,
            la1_0.consecutive_absences,
            la1_0.created_at,
            la1_0.lesson_id,
            la1_0.student_id 
        from
            lesson_attendance la1_0 
        where
            la1_0.lesson_id=?
2026-01-18 11:30:07 [http-nio-8080-exec-7] DEBUG org.hibernate.SQL - 
    /* SELECT
        s 
    FROM
        Student s 
    WHERE
        s.status = :status */ select
            s1_0.id,
            s1_0.archived_date,
            s1_0.created_at,
            s1_0.enrollment_date,
            s1_0.father_name,
            s1_0.first_name,
            s1_0.full_name,
            s1_0.parent_id,
            s1_0.search_name,
            s1_0.status,
            s1_0.student_phone,
            s1_0.updated_at 
        from
            students s1_0 
        where
            s1_0.status=?
2026-01-18 11:30:07 [http-nio-8080-exec-7] DEBUG org.hibernate.SQL - 
    /* SELECT
        l 
    FROM
        LessonAttendance l 
    WHERE
        l.lesson.id = :lessonId */ select
            la1_0.id,
            la1_0.attended,
            la1_0.consecutive_absences,
            la1_0.created_at,
            la1_0.lesson_id,
            la1_0.student_id 
        from
            lesson_attendance la1_0 
        where
            la1_0.lesson_id=?
2026-01-18 11:30:07 [http-nio-8080-exec-7] DEBUG org.hibernate.SQL - 
    /* SELECT
        s 
    FROM
        Student s 
    WHERE
        s.status = :status */ select
            s1_0.id,
            s1_0.archived_date,
            s1_0.created_at,
            s1_0.enrollment_date,
            s1_0.father_name,
            s1_0.first_name,
            s1_0.full_name,
            s1_0.parent_id,
            s1_0.search_name,
            s1_0.status,
            s1_0.student_phone,
            s1_0.updated_at 
        from
            students s1_0 
        where
            s1_0.status=?
2026-01-18 11:30:08 [http-nio-8080-exec-7] DEBUG org.hibernate.SQL - 
    select
        ct1_0.lesson_id,
        ct1_0.category_tag 
    from
        lesson_category_tags ct1_0 
    where
        ct1_0.lesson_id=?
2026-01-18 11:30:08 [http-nio-8080-exec-7] DEBUG org.hibernate.SQL - 
    select
        ct1_0.lesson_id,
        ct1_0.category_tag 
    from
        lesson_category_tags ct1_0 
    where
        ct1_0.lesson_id=?
2026-01-18 11:30:08 [http-nio-8080-exec-7] DEBUG org.hibernate.SQL - 
    select
        ct1_0.lesson_id,
        ct1_0.category_tag 
    from
        lesson_category_tags ct1_0 
    where
        ct1_0.lesson_id=?
2026-01-18 11:30:08 [http-nio-8080-exec-7] DEBUG org.hibernate.SQL - 
    select
        ct1_0.lesson_id,
        ct1_0.category_tag 
    from
        lesson_category_tags ct1_0 
    where
        ct1_0.lesson_id=?
2026-01-18 11:30:16 [http-nio-8080-exec-9] DEBUG org.hibernate.SQL - 
    /* SELECT
        l 
    FROM
        Lesson l 
    WHERE
        l.id = :id 
        AND l.deletedAt IS NOT NULL */ select
            l1_0.id,
            l1_0.attendance_marked,
            l1_0.created_at,
            l1_0.date,
            l1_0.deleted_at,
            l1_0.has_homework,
            l1_0.homework_marked,
            l1_0.participation_marked,
            l1_0.topics_free_text,
            l1_0.updated_at 
        from
            lessons l1_0 
        where
            l1_0.id=? 
            and l1_0.deleted_at is not null
2026-01-18 11:30:17 [http-nio-8080-exec-9] DEBUG org.hibernate.SQL - 
    /* SELECT
        l 
    FROM
        LessonAttendance l 
    WHERE
        l.lesson.id = :lessonId */ select
            la1_0.id,
            la1_0.attended,
            la1_0.consecutive_absences,
            la1_0.created_at,
            la1_0.lesson_id,
            la1_0.student_id 
        from
            lesson_attendance la1_0 
        where
            la1_0.lesson_id=?
2026-01-18 11:30:17 [http-nio-8080-exec-9] DEBUG org.hibernate.SQL - 
    /* SELECT
        l 
    FROM
        LessonHomework l 
    WHERE
        l.lesson.id = :lessonId */ select
            lh1_0.id,
            lh1_0.completed,
            lh1_0.created_at,
            lh1_0.lesson_id,
            lh1_0.student_id 
        from
            lesson_homework lh1_0 
        where
            lh1_0.lesson_id=?
2026-01-18 11:30:17 [http-nio-8080-exec-9] DEBUG org.hibernate.SQL - 
    /* SELECT
        l 
    FROM
        LessonParticipation l 
    WHERE
        l.lesson.id = :lessonId */ select
            lp1_0.id,
            lp1_0.created_at,
            lp1_0.lesson_id,
            lp1_0.score,
            lp1_0.student_id 
        from
            lesson_participation lp1_0 
        where
            lp1_0.lesson_id=?
2026-01-18 11:30:17 [http-nio-8080-exec-9] DEBUG org.hibernate.SQL - 
    /* one-shot delete 
    for
        com.arabictracker.model.Lesson.categoryTags */delete 
    from
        lesson_category_tags 
    where
        lesson_id=?
2026-01-18 11:30:17 [http-nio-8080-exec-9] DEBUG org.hibernate.SQL - 
    /* delete 
    for
        com.arabictracker.model.Lesson */delete 
    from
        lessons 
    where
        id=?
2026-01-18 11:30:27 [http-nio-8080-exec-1] DEBUG org.hibernate.SQL - 
    /* SELECT
        l 
    FROM
        Lesson l 
    WHERE
        l.id = :id 
        AND l.deletedAt IS NOT NULL */ select
            l1_0.id,
            l1_0.attendance_marked,
            l1_0.created_at,
            l1_0.date,
            l1_0.deleted_at,
            l1_0.has_homework,
            l1_0.homework_marked,
            l1_0.participation_marked,
            l1_0.topics_free_text,
            l1_0.updated_at 
        from
            lessons l1_0 
        where
            l1_0.id=? 
            and l1_0.deleted_at is not null
2026-01-18 11:30:27 [http-nio-8080-exec-1] DEBUG org.hibernate.SQL - 
    /* SELECT
        l 
    FROM
        LessonAttendance l 
    WHERE
        l.lesson.id = :lessonId */ select
            la1_0.id,
            la1_0.attended,
            la1_0.consecutive_absences,
            la1_0.created_at,
            la1_0.lesson_id,
            la1_0.student_id 
        from
            lesson_attendance la1_0 
        where
            la1_0.lesson_id=?
2026-01-18 11:30:27 [http-nio-8080-exec-1] DEBUG org.hibernate.SQL - 
    /* SELECT
        l 
    FROM
        LessonHomework l 
    WHERE
        l.lesson.id = :lessonId */ select
            lh1_0.id,
            lh1_0.completed,
            lh1_0.created_at,
            lh1_0.lesson_id,
            lh1_0.student_id 
        from
            lesson_homework lh1_0 
        where
            lh1_0.lesson_id=?
2026-01-18 11:30:27 [http-nio-8080-exec-1] DEBUG org.hibernate.SQL - 
    /* SELECT
        l 
    FROM
        LessonParticipation l 
    WHERE
        l.lesson.id = :lessonId */ select
            lp1_0.id,
            lp1_0.created_at,
            lp1_0.lesson_id,
            lp1_0.score,
            lp1_0.student_id 
        from
            lesson_participation lp1_0 
        where
            lp1_0.lesson_id=?
2026-01-18 11:30:27 [http-nio-8080-exec-1] DEBUG org.hibernate.SQL - 
    /* one-shot delete 
    for
        com.arabictracker.model.Lesson.categoryTags */delete 
    from
        lesson_category_tags 
    where
        lesson_id=?
2026-01-18 11:30:27 [http-nio-8080-exec-1] DEBUG org.hibernate.SQL - 
    /* delete 
    for
        com.arabictracker.model.LessonAttendance */delete 
    from
        lesson_attendance 
    where
        id=?
2026-01-18 11:30:27 [http-nio-8080-exec-1] DEBUG org.hibernate.SQL - 
    /* delete 
    for
        com.arabictracker.model.LessonAttendance */delete 
    from
        lesson_attendance 
    where
        id=?
2026-01-18 11:30:27 [http-nio-8080-exec-1] DEBUG org.hibernate.SQL - 
    /* delete 
    for
        com.arabictracker.model.LessonAttendance */delete 
    from
        lesson_attendance 
    where
        id=?
2026-01-18 11:30:27 [http-nio-8080-exec-1] DEBUG org.hibernate.SQL - 
    /* delete 
    for
        com.arabictracker.model.LessonParticipation */delete 
    from
        lesson_participation 
    where
        id=?
2026-01-18 11:30:27 [http-nio-8080-exec-1] DEBUG org.hibernate.SQL - 
    /* delete 
    for
        com.arabictracker.model.LessonParticipation */delete 
    from
        lesson_participation 
    where
        id=?
2026-01-18 11:30:27 [http-nio-8080-exec-1] DEBUG org.hibernate.SQL - 
    /* delete 
    for
        com.arabictracker.model.Lesson */delete 
    from
        lessons 
    where
        id=?
2026-01-18 11:30:35 [http-nio-8080-exec-3] DEBUG org.hibernate.SQL - 
    /* SELECT
        l 
    FROM
        Lesson l 
    WHERE
        l.id = :id 
        AND l.deletedAt IS NOT NULL */ select
            l1_0.id,
            l1_0.attendance_marked,
            l1_0.created_at,
            l1_0.date,
            l1_0.deleted_at,
            l1_0.has_homework,
            l1_0.homework_marked,
            l1_0.participation_marked,
            l1_0.topics_free_text,
            l1_0.updated_at 
        from
            lessons l1_0 
        where
            l1_0.id=? 
            and l1_0.deleted_at is not null
2026-01-18 11:30:35 [http-nio-8080-exec-3] DEBUG org.hibernate.SQL - 
    /* SELECT
        l 
    FROM
        LessonAttendance l 
    WHERE
        l.lesson.id = :lessonId */ select
            la1_0.id,
            la1_0.attended,
            la1_0.consecutive_absences,
            la1_0.created_at,
            la1_0.lesson_id,
            la1_0.student_id 
        from
            lesson_attendance la1_0 
        where
            la1_0.lesson_id=?
2026-01-18 11:30:35 [http-nio-8080-exec-3] DEBUG org.hibernate.SQL - 
    /* SELECT
        l 
    FROM
        LessonHomework l 
    WHERE
        l.lesson.id = :lessonId */ select
            lh1_0.id,
            lh1_0.completed,
            lh1_0.created_at,
            lh1_0.lesson_id,
            lh1_0.student_id 
        from
            lesson_homework lh1_0 
        where
            lh1_0.lesson_id=?
2026-01-18 11:30:35 [http-nio-8080-exec-3] DEBUG org.hibernate.SQL - 
    /* SELECT
        l 
    FROM
        LessonParticipation l 
    WHERE
        l.lesson.id = :lessonId */ select
            lp1_0.id,
            lp1_0.created_at,
            lp1_0.lesson_id,
            lp1_0.score,
            lp1_0.student_id 
        from
            lesson_participation lp1_0 
        where
            lp1_0.lesson_id=?
2026-01-18 11:30:35 [http-nio-8080-exec-3] DEBUG org.hibernate.SQL - 
    /* one-shot delete 
    for
        com.arabictracker.model.Lesson.categoryTags */delete 
    from
        lesson_category_tags 
    where
        lesson_id=?
2026-01-18 11:30:35 [http-nio-8080-exec-3] DEBUG org.hibernate.SQL - 
    /* delete 
    for
        com.arabictracker.model.LessonAttendance */delete 
    from
        lesson_attendance 
    where
        id=?
2026-01-18 11:30:35 [http-nio-8080-exec-3] DEBUG org.hibernate.SQL - 
    /* delete 
    for
        com.arabictracker.model.LessonAttendance */delete 
    from
        lesson_attendance 
    where
        id=?
2026-01-18 11:30:35 [http-nio-8080-exec-3] DEBUG org.hibernate.SQL - 
    /* delete 
    for
        com.arabictracker.model.LessonAttendance */delete 
    from
        lesson_attendance 
    where
        id=?
2026-01-18 11:30:35 [http-nio-8080-exec-3] DEBUG org.hibernate.SQL - 
    /* delete 
    for
        com.arabictracker.model.LessonHomework */delete 
    from
        lesson_homework 
    where
        id=?
2026-01-18 11:30:35 [http-nio-8080-exec-3] DEBUG org.hibernate.SQL - 
    /* delete 
    for
        com.arabictracker.model.LessonHomework */delete 
    from
        lesson_homework 
    where
        id=?
2026-01-18 11:30:35 [http-nio-8080-exec-3] DEBUG org.hibernate.SQL - 
    /* delete 
    for
        com.arabictracker.model.LessonParticipation */delete 
    from
        lesson_participation 
    where
        id=?
2026-01-18 11:30:35 [http-nio-8080-exec-3] DEBUG org.hibernate.SQL - 
    /* delete 
    for
        com.arabictracker.model.LessonParticipation */delete 
    from
        lesson_participation 
    where
        id=?
2026-01-18 11:30:35 [http-nio-8080-exec-3] DEBUG org.hibernate.SQL - 
    /* delete 
    for
        com.arabictracker.model.Lesson */delete 
    from
        lessons 
    where
        id=?
2026-01-18 11:30:43 [http-nio-8080-exec-5] DEBUG org.hibernate.SQL - 
    /* SELECT
        l 
    FROM
        Lesson l 
    WHERE
        l.id = :id 
        AND l.deletedAt IS NOT NULL */ select
            l1_0.id,
            l1_0.attendance_marked,
            l1_0.created_at,
            l1_0.date,
            l1_0.deleted_at,
            l1_0.has_homework,
            l1_0.homework_marked,
            l1_0.participation_marked,
            l1_0.topics_free_text,
            l1_0.updated_at 
        from
            lessons l1_0 
        where
            l1_0.id=? 
            and l1_0.deleted_at is not null
2026-01-18 11:30:43 [http-nio-8080-exec-5] DEBUG org.hibernate.SQL - 
    /* SELECT
        l 
    FROM
        LessonAttendance l 
    WHERE
        l.lesson.id = :lessonId */ select
            la1_0.id,
            la1_0.attended,
            la1_0.consecutive_absences,
            la1_0.created_at,
            la1_0.lesson_id,
            la1_0.student_id 
        from
            lesson_attendance la1_0 
        where
            la1_0.lesson_id=?
2026-01-18 11:30:43 [http-nio-8080-exec-5] DEBUG org.hibernate.SQL - 
    /* SELECT
        l 
    FROM
        LessonHomework l 
    WHERE
        l.lesson.id = :lessonId */ select
            lh1_0.id,
            lh1_0.completed,
            lh1_0.created_at,
            lh1_0.lesson_id,
            lh1_0.student_id 
        from
            lesson_homework lh1_0 
        where
            lh1_0.lesson_id=?
2026-01-18 11:30:43 [http-nio-8080-exec-5] DEBUG org.hibernate.SQL - 
    /* SELECT
        l 
    FROM
        LessonParticipation l 
    WHERE
        l.lesson.id = :lessonId */ select
            lp1_0.id,
            lp1_0.created_at,
            lp1_0.lesson_id,
            lp1_0.score,
            lp1_0.student_id 
        from
            lesson_participation lp1_0 
        where
            lp1_0.lesson_id=?
2026-01-18 11:30:43 [http-nio-8080-exec-5] DEBUG org.hibernate.SQL - 
    /* one-shot delete 
    for
        com.arabictracker.model.Lesson.categoryTags */delete 
    from
        lesson_category_tags 
    where
        lesson_id=?
2026-01-18 11:30:43 [http-nio-8080-exec-5] DEBUG org.hibernate.SQL - 
    /* delete 
    for
        com.arabictracker.model.Lesson */delete 
    from
        lessons 
    where
        id=?
2026-01-18 11:31:02 [http-nio-8080-exec-7] DEBUG org.hibernate.SQL - 
    select
        s1_0.id,
        s1_0.archived_date,
        s1_0.created_at,
        s1_0.enrollment_date,
        s1_0.father_name,
        s1_0.first_name,
        s1_0.full_name,
        s1_0.parent_id,
        s1_0.search_name,
        s1_0.status,
        s1_0.student_phone,
        s1_0.updated_at 
    from
        students s1_0 
    where
        s1_0.id=?
2026-01-18 11:31:02 [http-nio-8080-exec-7] DEBUG org.hibernate.SQL - 
    select
        p1_0.id,
        p1_0.created_at,
        p1_0.email,
        p1_0.full_name,
        p1_0.phone,
        p1_0.preferred_contact_method,
        p1_0.updated_at,
        p1_0.whatsapp_number 
    from
        parents p1_0 
    where
        p1_0.id=?
2026-01-18 11:31:02 [http-nio-8080-exec-7] DEBUG org.hibernate.SQL - 
    /* SELECT
        la 
    FROM
        LessonAttendance la 
    WHERE
        la.student.id = :studentId 
        AND la.lesson.date BETWEEN :startDate AND :endDate 
    ORDER BY
        la.lesson.date */ select
            la1_0.id,
            la1_0.attended,
            la1_0.consecutive_absences,
            la1_0.created_at,
            la1_0.lesson_id,
            la1_0.student_id 
        from
            lesson_attendance la1_0 
        join
            lessons l1_0 
                on l1_0.id=la1_0.lesson_id 
        where
            la1_0.student_id=? 
            and l1_0.date between ? and ? 
        order by
            l1_0.date
2026-01-18 11:31:02 [http-nio-8080-exec-7] DEBUG org.hibernate.SQL - 
    select
        l1_0.id,
        l1_0.attendance_marked,
        l1_0.created_at,
        l1_0.date,
        l1_0.deleted_at,
        l1_0.has_homework,
        l1_0.homework_marked,
        l1_0.participation_marked,
        l1_0.topics_free_text,
        l1_0.updated_at 
    from
        lessons l1_0 
    where
        l1_0.id=?
2026-01-18 11:31:02 [http-nio-8080-exec-7] DEBUG org.hibernate.SQL - 
    select
        l1_0.id,
        l1_0.attendance_marked,
        l1_0.created_at,
        l1_0.date,
        l1_0.deleted_at,
        l1_0.has_homework,
        l1_0.homework_marked,
        l1_0.participation_marked,
        l1_0.topics_free_text,
        l1_0.updated_at 
    from
        lessons l1_0 
    where
        l1_0.id=?
2026-01-18 11:31:02 [http-nio-8080-exec-7] DEBUG org.hibernate.SQL - 
    /* SELECT
        b 
    FROM
        BehavioralIncident b 
    WHERE
        b.student.id = :studentId */ select
            bi1_0.id,
            bi1_0.created_at,
            bi1_0.incident_type,
            bi1_0.lesson_id,
            bi1_0.notes,
            bi1_0.student_id 
        from
            behavioral_incidents bi1_0 
        where
            bi1_0.student_id=?
2026-01-18 11:31:02 [http-nio-8080-exec-7] DEBUG org.hibernate.SQL - 
    /* SELECT
        COUNT(bi) 
    FROM
        BehavioralIncident bi 
    WHERE
        bi.student.id = :studentId 
        AND YEAR(bi.createdAt) = :year 
        AND MONTH(bi.createdAt) = :month */ select
            count(bi1_0.id) 
        from
            behavioral_incidents bi1_0 
        where
            bi1_0.student_id=? 
            and extract(year from bi1_0.created_at)=? 
            and extract(month from bi1_0.created_at)=?
2026-01-18 11:31:03 [http-nio-8080-exec-7] DEBUG org.hibernate.SQL - 
    select
        twsi1_0.incident_id,
        twsi1_0.talked_with_student_id 
    from
        incident_talked_with_students twsi1_0 
    where
        twsi1_0.incident_id=?
2026-01-18 11:31:25 [http-nio-8080-exec-9] DEBUG org.hibernate.SQL - 
    select
        bi1_0.id,
        bi1_0.created_at,
        bi1_0.incident_type,
        bi1_0.lesson_id,
        bi1_0.notes,
        bi1_0.student_id 
    from
        behavioral_incidents bi1_0 
    where
        bi1_0.id=?
2026-01-18 11:31:25 [http-nio-8080-exec-9] DEBUG org.hibernate.SQL - 
    /* one-shot delete 
    for
        com.arabictracker.model.BehavioralIncident.talkedWithStudentIds */delete 
    from
        incident_talked_with_students 
    where
        incident_id=?
2026-01-18 11:31:25 [http-nio-8080-exec-9] DEBUG org.hibernate.SQL - 
    /* delete 
    for
        com.arabictracker.model.BehavioralIncident */delete 
    from
        behavioral_incidents 
    where
        id=?
2026-01-18 11:31:41 [http-nio-8080-exec-1] DEBUG org.hibernate.SQL - 
    select
        s1_0.id,
        s1_0.archived_date,
        s1_0.created_at,
        s1_0.enrollment_date,
        s1_0.father_name,
        s1_0.first_name,
        s1_0.full_name,
        s1_0.parent_id,
        s1_0.search_name,
        s1_0.status,
        s1_0.student_phone,
        s1_0.updated_at 
    from
        students s1_0 
    where
        s1_0.id=?
2026-01-18 11:31:41 [http-nio-8080-exec-1] DEBUG org.hibernate.SQL - 
    select
        p1_0.id,
        p1_0.created_at,
        p1_0.email,
        p1_0.full_name,
        p1_0.phone,
        p1_0.preferred_contact_method,
        p1_0.updated_at,
        p1_0.whatsapp_number 
    from
        parents p1_0 
    where
        p1_0.id=?
2026-01-18 11:31:41 [http-nio-8080-exec-1] DEBUG org.hibernate.SQL - 
    /* SELECT
        la 
    FROM
        LessonAttendance la 
    WHERE
        la.student.id = :studentId 
        AND la.lesson.date BETWEEN :startDate AND :endDate 
    ORDER BY
        la.lesson.date */ select
            la1_0.id,
            la1_0.attended,
            la1_0.consecutive_absences,
            la1_0.created_at,
            la1_0.lesson_id,
            la1_0.student_id 
        from
            lesson_attendance la1_0 
        join
            lessons l1_0 
                on l1_0.id=la1_0.lesson_id 
        where
            la1_0.student_id=? 
            and l1_0.date between ? and ? 
        order by
            l1_0.date
2026-01-18 11:31:41 [http-nio-8080-exec-1] DEBUG org.hibernate.SQL - 
    select
        l1_0.id,
        l1_0.attendance_marked,
        l1_0.created_at,
        l1_0.date,
        l1_0.deleted_at,
        l1_0.has_homework,
        l1_0.homework_marked,
        l1_0.participation_marked,
        l1_0.topics_free_text,
        l1_0.updated_at 
    from
        lessons l1_0 
    where
        l1_0.id=?
2026-01-18 11:31:41 [http-nio-8080-exec-1] DEBUG org.hibernate.SQL - 
    select
        l1_0.id,
        l1_0.attendance_marked,
        l1_0.created_at,
        l1_0.date,
        l1_0.deleted_at,
        l1_0.has_homework,
        l1_0.homework_marked,
        l1_0.participation_marked,
        l1_0.topics_free_text,
        l1_0.updated_at 
    from
        lessons l1_0 
    where
        l1_0.id=?
2026-01-18 11:31:41 [http-nio-8080-exec-1] DEBUG org.hibernate.SQL - 
    /* SELECT
        b 
    FROM
        BehavioralIncident b 
    WHERE
        b.student.id = :studentId */ select
            bi1_0.id,
            bi1_0.created_at,
            bi1_0.incident_type,
            bi1_0.lesson_id,
            bi1_0.notes,
            bi1_0.student_id 
        from
            behavioral_incidents bi1_0 
        where
            bi1_0.student_id=?
2026-01-18 11:37:08 [SpringApplicationShutdownHook] INFO  o.s.boot.tomcat.GracefulShutdown - Commencing graceful shutdown. Waiting for active requests to complete
2026-01-18 11:37:08 [tomcat-shutdown] INFO  o.s.boot.tomcat.GracefulShutdown - Graceful shutdown complete
2026-01-18 11:37:08 [SpringApplicationShutdownHook] INFO  o.s.o.j.LocalContainerEntityManagerFactoryBean - Closing JPA EntityManagerFactory for persistence unit 'default'
2026-01-18 11:37:08 [SpringApplicationShutdownHook] INFO  com.zaxxer.hikari.HikariDataSource - HikariPool-4 - Shutdown initiated...
2026-01-18 11:37:08 [SpringApplicationShutdownHook] INFO  com.zaxxer.hikari.HikariDataSource - HikariPool-4 - Shutdown completed.
