2026-01-16 15:06:11 [restartedMain] INFO  c.a.ArabicTrackerApplication - Starting ArabicTrackerApplication using Java 21.0.8 with PID 14904 (G:\Projects\Java Projects\ExternalProjects\StudentTrackingSystem\Backend\arabic-student-tracker\target\classes started by HusseinVR97 in G:\Projects\Java Projects\ExternalProjects\StudentTrackingSystem\Backend\arabic-student-tracker)
2026-01-16 15:06:11 [restartedMain] DEBUG c.a.ArabicTrackerApplication - Running with Spring Boot v4.0.0, Spring v7.0.1
2026-01-16 15:06:11 [restartedMain] INFO  c.a.ArabicTrackerApplication - No active profile set, falling back to 1 default profile: "default"
2026-01-16 15:06:11 [restartedMain] INFO  o.s.b.d.e.DevToolsPropertyDefaultsPostProcessor - Devtools property defaults active! Set 'spring.devtools.add-properties' to 'false' to disable
2026-01-16 15:06:11 [restartedMain] INFO  o.s.b.d.e.DevToolsPropertyDefaultsPostProcessor - For additional web related logging consider setting the 'logging.level.web' property to 'DEBUG'
2026-01-16 15:06:14 [restartedMain] INFO  o.s.d.r.c.RepositoryConfigurationDelegate - Bootstrapping Spring Data JPA repositories in DEFAULT mode.
2026-01-16 15:06:14 [restartedMain] INFO  o.s.d.r.c.RepositoryConfigurationDelegate - Finished Spring Data repository scanning in 99 ms. Found 8 JPA repository interfaces.
2026-01-16 15:06:16 [restartedMain] INFO  o.s.boot.tomcat.TomcatWebServer - Tomcat initialized with port 8080 (http)
2026-01-16 15:06:16 [restartedMain] INFO  o.a.catalina.core.StandardService - Starting service [Tomcat]
2026-01-16 15:06:16 [restartedMain] INFO  o.a.catalina.core.StandardEngine - Starting Servlet engine: [Apache Tomcat/11.0.14]
2026-01-16 15:06:16 [restartedMain] INFO  o.s.b.w.c.s.WebApplicationContextInitializer - Root WebApplicationContext: initialization completed in 4677 ms
2026-01-16 15:06:17 [restartedMain] INFO  o.h.jpa.internal.util.LogHelper - HHH000204: Processing PersistenceUnitInfo [name: default]
2026-01-16 15:06:17 [restartedMain] INFO  org.hibernate.Version - HHH000412: Hibernate ORM core version 7.1.8.Final
2026-01-16 15:06:18 [restartedMain] INFO  o.s.o.j.p.SpringPersistenceUnitInfo - No LoadTimeWeaver setup: ignoring JPA class transformer
2026-01-16 15:06:18 [restartedMain] INFO  com.zaxxer.hikari.HikariDataSource - HikariPool-1 - Starting...
2026-01-16 15:06:19 [restartedMain] INFO  com.zaxxer.hikari.pool.HikariPool - HikariPool-1 - Added connection org.postgresql.jdbc.PgConnection@732992b0
2026-01-16 15:06:19 [restartedMain] INFO  com.zaxxer.hikari.HikariDataSource - HikariPool-1 - Start completed.
2026-01-16 15:06:19 [restartedMain] WARN  org.hibernate.orm.deprecation - HHH90000025: PostgreSQLDialect does not need to be specified explicitly using 'hibernate.dialect' (remove the property setting and it will be selected by default)
2026-01-16 15:06:19 [restartedMain] INFO  o.hibernate.orm.connections.pooling - HHH10001005: Database info:
	Database JDBC URL [jdbc:postgresql://localhost:5432/arabic_student_tracker_db]
	Database driver: PostgreSQL JDBC Driver
	Database dialect: PostgreSQLDialect
	Database version: 18.1
	Default catalog/schema: arabic_student_tracker_db/public
	Autocommit mode: undefined/unknown
	Isolation level: READ_COMMITTED [default READ_COMMITTED]
	JDBC fetch size: none
	Pool: DatasourceConnectionProviderImpl
	Minimum pool size: undefined/unknown
	Maximum pool size: undefined/unknown
2026-01-16 15:06:21 [restartedMain] INFO  o.h.e.t.j.p.i.JtaPlatformInitiator - HHH000489: No JTA platform available (set 'hibernate.transaction.jta.platform' to enable JTA platform integration)
2026-01-16 15:06:21 [restartedMain] INFO  org.hibernate.orm.jdbc.batch - HHH100501: Automatic JDBC statement batching enabled (maximum batch size 20)
2026-01-16 15:06:21 [restartedMain] DEBUG org.hibernate.SQL - 
    create table behavioral_incidents (
        id bigint generated by default as identity,
        created_at timestamp(6) not null,
        incident_type varchar(255) not null check ((incident_type in ('TALKS_WITH_OTHERS','DISRUPTIVE','DISRESPECTFUL','LATE'))),
        notes TEXT,
        lesson_id bigint not null,
        student_id bigint not null,
        primary key (id)
    )
2026-01-16 15:06:21 [restartedMain] DEBUG org.hibernate.SQL - 
    create table incident_talked_with_students (
        incident_id bigint not null,
        talked_with_student_id bigint
    )
2026-01-16 15:06:21 [restartedMain] DEBUG org.hibernate.SQL - 
    create table lesson_attendance (
        id bigint generated by default as identity,
        attended boolean not null,
        consecutive_absences integer not null,
        created_at timestamp(6) not null,
        lesson_id bigint not null,
        student_id bigint not null,
        primary key (id)
    )
2026-01-16 15:06:21 [restartedMain] DEBUG org.hibernate.SQL - 
    create table lesson_category_tags (
        lesson_id bigint not null,
        category_tag varchar(255) check ((category_tag in ('NAHW','ADAB','BALAGHA','TABEER','QIRAA','NUSUS')))
    )
2026-01-16 15:06:21 [restartedMain] DEBUG org.hibernate.SQL - 
    create table lesson_homework (
        id bigint generated by default as identity,
        completed boolean not null,
        created_at timestamp(6) not null,
        lesson_id bigint not null,
        student_id bigint not null,
        primary key (id)
    )
2026-01-16 15:06:21 [restartedMain] DEBUG org.hibernate.SQL - 
    create table lesson_participation (
        id bigint generated by default as identity,
        created_at timestamp(6) not null,
        score integer not null,
        lesson_id bigint not null,
        student_id bigint not null,
        primary key (id)
    )
2026-01-16 15:06:21 [restartedMain] DEBUG org.hibernate.SQL - 
    create table lessons (
        id bigint generated by default as identity,
        attendance_marked boolean not null,
        created_at timestamp(6) not null,
        date date not null,
        deleted_at timestamp(6),
        has_homework boolean not null,
        homework_marked boolean not null,
        participation_marked boolean not null,
        topics_free_text TEXT,
        updated_at timestamp(6) not null,
        primary key (id)
    )
2026-01-16 15:06:21 [restartedMain] DEBUG org.hibernate.SQL - 
    create index idx_incident_lesson 
       on behavioral_incidents (lesson_id)
2026-01-16 15:06:21 [restartedMain] DEBUG org.hibernate.SQL - 
    create index idx_incident_student 
       on behavioral_incidents (student_id)
2026-01-16 15:06:21 [restartedMain] DEBUG org.hibernate.SQL - 
    create index idx_incident_created 
       on behavioral_incidents (created_at)
2026-01-16 15:06:21 [restartedMain] DEBUG org.hibernate.SQL - 
    create index idx_attendance_lesson 
       on lesson_attendance (lesson_id)
2026-01-16 15:06:21 [restartedMain] DEBUG org.hibernate.SQL - 
    create index idx_attendance_student 
       on lesson_attendance (student_id)
2026-01-16 15:06:21 [restartedMain] DEBUG org.hibernate.SQL - 
    alter table if exists lesson_attendance 
       drop constraint if exists UKojembaasr1hdtrqilshqa8rsd
2026-01-16 15:06:21 [restartedMain] WARN  org.hibernate.orm.jdbc.warn - HHH000247: ErrorCode: 0, SQLState: 00000
2026-01-16 15:06:21 [restartedMain] WARN  org.hibernate.orm.jdbc.warn - constraint "ukojembaasr1hdtrqilshqa8rsd" of relation "lesson_attendance" does not exist, skipping
2026-01-16 15:06:21 [restartedMain] DEBUG org.hibernate.SQL - 
    alter table if exists lesson_attendance 
       add constraint UKojembaasr1hdtrqilshqa8rsd unique (lesson_id, student_id)
2026-01-16 15:06:21 [restartedMain] DEBUG org.hibernate.SQL - 
    create index idx_homework_lesson 
       on lesson_homework (lesson_id)
2026-01-16 15:06:21 [restartedMain] DEBUG org.hibernate.SQL - 
    create index idx_homework_student 
       on lesson_homework (student_id)
2026-01-16 15:06:21 [restartedMain] DEBUG org.hibernate.SQL - 
    alter table if exists lesson_homework 
       drop constraint if exists UKblop06ijk7qg1lttfle7wit3j
2026-01-16 15:06:21 [restartedMain] WARN  org.hibernate.orm.jdbc.warn - HHH000247: ErrorCode: 0, SQLState: 00000
2026-01-16 15:06:21 [restartedMain] WARN  org.hibernate.orm.jdbc.warn - constraint "ukblop06ijk7qg1lttfle7wit3j" of relation "lesson_homework" does not exist, skipping
2026-01-16 15:06:21 [restartedMain] DEBUG org.hibernate.SQL - 
    alter table if exists lesson_homework 
       add constraint UKblop06ijk7qg1lttfle7wit3j unique (lesson_id, student_id)
2026-01-16 15:06:21 [restartedMain] DEBUG org.hibernate.SQL - 
    create index idx_participation_lesson 
       on lesson_participation (lesson_id)
2026-01-16 15:06:21 [restartedMain] DEBUG org.hibernate.SQL - 
    create index idx_participation_student 
       on lesson_participation (student_id)
2026-01-16 15:06:21 [restartedMain] DEBUG org.hibernate.SQL - 
    alter table if exists lesson_participation 
       drop constraint if exists UKgr7234231l17tohgkol2rf7jt
2026-01-16 15:06:21 [restartedMain] WARN  org.hibernate.orm.jdbc.warn - HHH000247: ErrorCode: 0, SQLState: 00000
2026-01-16 15:06:21 [restartedMain] WARN  org.hibernate.orm.jdbc.warn - constraint "ukgr7234231l17tohgkol2rf7jt" of relation "lesson_participation" does not exist, skipping
2026-01-16 15:06:21 [restartedMain] DEBUG org.hibernate.SQL - 
    alter table if exists lesson_participation 
       add constraint UKgr7234231l17tohgkol2rf7jt unique (lesson_id, student_id)
2026-01-16 15:06:21 [restartedMain] DEBUG org.hibernate.SQL - 
    create index idx_lesson_date 
       on lessons (date)
2026-01-16 15:06:21 [restartedMain] DEBUG org.hibernate.SQL - 
    create index idx_deleted_at 
       on lessons (deleted_at)
2026-01-16 15:06:21 [restartedMain] DEBUG org.hibernate.SQL - 
    alter table if exists lessons 
       drop constraint if exists UKgtar6x2rtv2jxxhui396xgnc0
2026-01-16 15:06:21 [restartedMain] WARN  org.hibernate.orm.jdbc.warn - HHH000247: ErrorCode: 0, SQLState: 00000
2026-01-16 15:06:21 [restartedMain] WARN  org.hibernate.orm.jdbc.warn - constraint "ukgtar6x2rtv2jxxhui396xgnc0" of relation "lessons" does not exist, skipping
2026-01-16 15:06:21 [restartedMain] DEBUG org.hibernate.SQL - 
    alter table if exists lessons 
       add constraint UKgtar6x2rtv2jxxhui396xgnc0 unique (date)
2026-01-16 15:06:21 [restartedMain] DEBUG org.hibernate.SQL - 
    alter table if exists behavioral_incidents 
       add constraint FKq744a7y4mou1gcu2ynb2vw4ho 
       foreign key (lesson_id) 
       references lessons
2026-01-16 15:06:21 [restartedMain] DEBUG org.hibernate.SQL - 
    alter table if exists behavioral_incidents 
       add constraint FK1mu4i8kvnlg7xx61bcud146r5 
       foreign key (student_id) 
       references students
2026-01-16 15:06:21 [restartedMain] DEBUG org.hibernate.SQL - 
    alter table if exists incident_talked_with_students 
       add constraint FKk74ko76hroyblohiinvqd1j4o 
       foreign key (incident_id) 
       references behavioral_incidents
2026-01-16 15:06:21 [restartedMain] DEBUG org.hibernate.SQL - 
    alter table if exists lesson_attendance 
       add constraint FK46fbno9v1g3xlttpqehanlpbs 
       foreign key (lesson_id) 
       references lessons
2026-01-16 15:06:21 [restartedMain] DEBUG org.hibernate.SQL - 
    alter table if exists lesson_attendance 
       add constraint FKslg83b8n9peeks3j7tejh9oe8 
       foreign key (student_id) 
       references students
2026-01-16 15:06:21 [restartedMain] DEBUG org.hibernate.SQL - 
    alter table if exists lesson_category_tags 
       add constraint FK55ignov3wgrbhxa68deohyegv 
       foreign key (lesson_id) 
       references lessons
2026-01-16 15:06:21 [restartedMain] DEBUG org.hibernate.SQL - 
    alter table if exists lesson_homework 
       add constraint FKlvaadndssonjdkors1hg0jijq 
       foreign key (lesson_id) 
       references lessons
2026-01-16 15:06:21 [restartedMain] DEBUG org.hibernate.SQL - 
    alter table if exists lesson_homework 
       add constraint FKb5h4ssaa76d5eej0p5pytrdbo 
       foreign key (student_id) 
       references students
2026-01-16 15:06:21 [restartedMain] DEBUG org.hibernate.SQL - 
    alter table if exists lesson_participation 
       add constraint FK8c9xrtx7yvu9tjtjf13uhe60d 
       foreign key (lesson_id) 
       references lessons
2026-01-16 15:06:21 [restartedMain] DEBUG org.hibernate.SQL - 
    alter table if exists lesson_participation 
       add constraint FKl9kp2h3mwx9y3aprpqfl4kmjw 
       foreign key (student_id) 
       references students
2026-01-16 15:06:21 [restartedMain] INFO  o.s.o.j.LocalContainerEntityManagerFactoryBean - Initialized JPA EntityManagerFactory for persistence unit 'default'
2026-01-16 15:06:22 [restartedMain] INFO  o.s.d.j.r.q.QueryEnhancerFactories - Hibernate is in classpath; If applicable, HQL parser will be used.
2026-01-16 15:06:24 [restartedMain] WARN  o.s.b.j.a.JpaBaseConfiguration$JpaWebConfiguration - spring.jpa.open-in-view is enabled by default. Therefore, database queries may be performed during view rendering. Explicitly configure spring.jpa.open-in-view to disable this warning
2026-01-16 15:06:26 [restartedMain] INFO  o.s.b.a.e.web.EndpointLinksResolver - Exposing 3 endpoints beneath base path '/actuator'
2026-01-16 15:06:26 [restartedMain] INFO  o.s.boot.tomcat.TomcatWebServer - Tomcat started on port 8080 (http) with context path '/'
2026-01-16 15:06:26 [restartedMain] INFO  c.a.ArabicTrackerApplication - Started ArabicTrackerApplication in 16.038 seconds (process running for 17.751)
2026-01-16 15:06:29 [RMI TCP Connection(2)-127.0.0.1] INFO  o.a.c.c.C.[Tomcat].[localhost].[/] - Initializing Spring DispatcherServlet 'dispatcherServlet'
2026-01-16 15:06:29 [RMI TCP Connection(2)-127.0.0.1] INFO  o.s.web.servlet.DispatcherServlet - Initializing Servlet 'dispatcherServlet'
2026-01-16 15:06:29 [RMI TCP Connection(2)-127.0.0.1] INFO  o.s.web.servlet.DispatcherServlet - Completed initialization in 5 ms
2026-01-16 15:07:57 [http-nio-8080-exec-1] DEBUG org.hibernate.SQL - 
    /* <criteria> */ select
        s1_0.id,
        s1_0.archived_date,
        s1_0.created_at,
        s1_0.enrollment_date,
        s1_0.father_name,
        s1_0.first_name,
        s1_0.full_name,
        s1_0.parent_id,
        s1_0.search_name,
        s1_0.status,
        s1_0.student_phone,
        s1_0.updated_at 
    from
        students s1_0
2026-01-16 15:07:57 [http-nio-8080-exec-2] DEBUG org.hibernate.SQL - 
    /* <criteria> */ select
        s1_0.id,
        s1_0.archived_date,
        s1_0.created_at,
        s1_0.enrollment_date,
        s1_0.father_name,
        s1_0.first_name,
        s1_0.full_name,
        s1_0.parent_id,
        s1_0.search_name,
        s1_0.status,
        s1_0.student_phone,
        s1_0.updated_at 
    from
        students s1_0
2026-01-16 15:07:57 [http-nio-8080-exec-2] DEBUG org.hibernate.SQL - 
    select
        p1_0.id,
        p1_0.created_at,
        p1_0.email,
        p1_0.full_name,
        p1_0.phone,
        p1_0.preferred_contact_method,
        p1_0.updated_at,
        p1_0.whatsapp_number 
    from
        parents p1_0 
    where
        p1_0.id=?
2026-01-16 15:07:57 [http-nio-8080-exec-1] DEBUG org.hibernate.SQL - 
    select
        p1_0.id,
        p1_0.created_at,
        p1_0.email,
        p1_0.full_name,
        p1_0.phone,
        p1_0.preferred_contact_method,
        p1_0.updated_at,
        p1_0.whatsapp_number 
    from
        parents p1_0 
    where
        p1_0.id=?
2026-01-16 15:07:57 [http-nio-8080-exec-1] DEBUG org.hibernate.SQL - 
    select
        p1_0.id,
        p1_0.created_at,
        p1_0.email,
        p1_0.full_name,
        p1_0.phone,
        p1_0.preferred_contact_method,
        p1_0.updated_at,
        p1_0.whatsapp_number 
    from
        parents p1_0 
    where
        p1_0.id=?
2026-01-16 15:07:57 [http-nio-8080-exec-2] DEBUG org.hibernate.SQL - 
    select
        p1_0.id,
        p1_0.created_at,
        p1_0.email,
        p1_0.full_name,
        p1_0.phone,
        p1_0.preferred_contact_method,
        p1_0.updated_at,
        p1_0.whatsapp_number 
    from
        parents p1_0 
    where
        p1_0.id=?
2026-01-16 15:07:57 [http-nio-8080-exec-1] DEBUG org.hibernate.SQL - 
    select
        p1_0.id,
        p1_0.created_at,
        p1_0.email,
        p1_0.full_name,
        p1_0.phone,
        p1_0.preferred_contact_method,
        p1_0.updated_at,
        p1_0.whatsapp_number 
    from
        parents p1_0 
    where
        p1_0.id=?
2026-01-16 15:07:57 [http-nio-8080-exec-2] DEBUG org.hibernate.SQL - 
    select
        p1_0.id,
        p1_0.created_at,
        p1_0.email,
        p1_0.full_name,
        p1_0.phone,
        p1_0.preferred_contact_method,
        p1_0.updated_at,
        p1_0.whatsapp_number 
    from
        parents p1_0 
    where
        p1_0.id=?
2026-01-16 15:07:57 [http-nio-8080-exec-2] DEBUG org.hibernate.SQL - 
    select
        p1_0.id,
        p1_0.created_at,
        p1_0.email,
        p1_0.full_name,
        p1_0.phone,
        p1_0.preferred_contact_method,
        p1_0.updated_at,
        p1_0.whatsapp_number 
    from
        parents p1_0 
    where
        p1_0.id=?
2026-01-16 15:07:57 [http-nio-8080-exec-1] DEBUG org.hibernate.SQL - 
    select
        p1_0.id,
        p1_0.created_at,
        p1_0.email,
        p1_0.full_name,
        p1_0.phone,
        p1_0.preferred_contact_method,
        p1_0.updated_at,
        p1_0.whatsapp_number 
    from
        parents p1_0 
    where
        p1_0.id=?
2026-01-16 15:07:57 [http-nio-8080-exec-2] DEBUG org.hibernate.SQL - 
    select
        p1_0.id,
        p1_0.created_at,
        p1_0.email,
        p1_0.full_name,
        p1_0.phone,
        p1_0.preferred_contact_method,
        p1_0.updated_at,
        p1_0.whatsapp_number 
    from
        parents p1_0 
    where
        p1_0.id=?
2026-01-16 15:07:57 [http-nio-8080-exec-1] DEBUG org.hibernate.SQL - 
    select
        p1_0.id,
        p1_0.created_at,
        p1_0.email,
        p1_0.full_name,
        p1_0.phone,
        p1_0.preferred_contact_method,
        p1_0.updated_at,
        p1_0.whatsapp_number 
    from
        parents p1_0 
    where
        p1_0.id=?
2026-01-16 15:08:05 [http-nio-8080-exec-5] DEBUG org.hibernate.SQL - 
    /* SELECT
        l 
    FROM
        Lesson l 
    WHERE
        l.deletedAt IS NULL */ select
            l1_0.id,
            l1_0.attendance_marked,
            l1_0.created_at,
            l1_0.date,
            l1_0.deleted_at,
            l1_0.has_homework,
            l1_0.homework_marked,
            l1_0.participation_marked,
            l1_0.topics_free_text,
            l1_0.updated_at 
        from
            lessons l1_0 
        where
            l1_0.deleted_at is null
2026-01-16 15:08:09 [http-nio-8080-exec-7] DEBUG org.hibernate.SQL - 
    /* SELECT
        l 
    FROM
        Lesson l 
    WHERE
        l.deletedAt IS NULL */ select
            l1_0.id,
            l1_0.attendance_marked,
            l1_0.created_at,
            l1_0.date,
            l1_0.deleted_at,
            l1_0.has_homework,
            l1_0.homework_marked,
            l1_0.participation_marked,
            l1_0.topics_free_text,
            l1_0.updated_at 
        from
            lessons l1_0 
        where
            l1_0.deleted_at is null
2026-01-16 15:08:36 [http-nio-8080-exec-9] WARN  o.s.w.s.m.s.DefaultHandlerExceptionResolver - Resolved [org.springframework.http.converter.HttpMessageNotReadableException: JSON parse error: Cannot deserialize value of type `com.arabictracker.model.Lesson$CategoryTag` from String "نحو": not one of the values accepted for Enum class: [NAHW, ADAB, NUSUS, BALAGHA, TABEER, QIRAA]]
2026-01-16 15:12:34 [http-nio-8080-exec-1] DEBUG org.hibernate.SQL - 
    /* SELECT
        l 
    FROM
        Lesson l 
    WHERE
        l.date = :date 
        AND l.deletedAt IS NULL */ select
            l1_0.id,
            l1_0.attendance_marked,
            l1_0.created_at,
            l1_0.date,
            l1_0.deleted_at,
            l1_0.has_homework,
            l1_0.homework_marked,
            l1_0.participation_marked,
            l1_0.topics_free_text,
            l1_0.updated_at 
        from
            lessons l1_0 
        where
            l1_0.date=? 
            and l1_0.deleted_at is null
2026-01-16 15:12:34 [http-nio-8080-exec-1] DEBUG org.hibernate.SQL - 
    /* insert 
    for
        com.arabictracker.model.Lesson
        */insert 
    into
        lessons (attendance_marked, created_at, date, deleted_at, has_homework, homework_marked, participation_marked, topics_free_text, updated_at) 
    values
        (?, ?, ?, ?, ?, ?, ?, ?, ?)
2026-01-16 15:12:34 [http-nio-8080-exec-1] DEBUG org.hibernate.SQL - 
    /* SELECT
        l 
    FROM
        LessonAttendance l 
    WHERE
        l.lesson.id = :lessonId */ select
            la1_0.id,
            la1_0.attended,
            la1_0.consecutive_absences,
            la1_0.created_at,
            la1_0.lesson_id,
            la1_0.student_id 
        from
            lesson_attendance la1_0 
        where
            la1_0.lesson_id=?
2026-01-16 15:12:34 [http-nio-8080-exec-1] DEBUG org.hibernate.SQL - 
    /* SELECT
        s 
    FROM
        Student s 
    WHERE
        s.status = :status */ select
            s1_0.id,
            s1_0.archived_date,
            s1_0.created_at,
            s1_0.enrollment_date,
            s1_0.father_name,
            s1_0.first_name,
            s1_0.full_name,
            s1_0.parent_id,
            s1_0.search_name,
            s1_0.status,
            s1_0.student_phone,
            s1_0.updated_at 
        from
            students s1_0 
        where
            s1_0.status=?
2026-01-16 15:12:34 [http-nio-8080-exec-1] DEBUG org.hibernate.SQL - 
    /* insert 
    for
        com.arabictracker.model.Lesson.categoryTags
        */insert 
    into
        lesson_category_tags (lesson_id, category_tag) 
    values
        (?, ?)
2026-01-16 15:12:34 [http-nio-8080-exec-1] DEBUG org.hibernate.SQL - 
    /* insert 
    for
        com.arabictracker.model.Lesson.categoryTags
        */insert 
    into
        lesson_category_tags (lesson_id, category_tag) 
    values
        (?, ?)
2026-01-16 15:12:42 [http-nio-8080-exec-2] DEBUG org.hibernate.SQL - 
    /* SELECT
        l 
    FROM
        Lesson l 
    WHERE
        l.deletedAt IS NULL */ select
            l1_0.id,
            l1_0.attendance_marked,
            l1_0.created_at,
            l1_0.date,
            l1_0.deleted_at,
            l1_0.has_homework,
            l1_0.homework_marked,
            l1_0.participation_marked,
            l1_0.topics_free_text,
            l1_0.updated_at 
        from
            lessons l1_0 
        where
            l1_0.deleted_at is null
2026-01-16 15:12:42 [http-nio-8080-exec-2] DEBUG org.hibernate.SQL - 
    /* SELECT
        l 
    FROM
        LessonAttendance l 
    WHERE
        l.lesson.id = :lessonId */ select
            la1_0.id,
            la1_0.attended,
            la1_0.consecutive_absences,
            la1_0.created_at,
            la1_0.lesson_id,
            la1_0.student_id 
        from
            lesson_attendance la1_0 
        where
            la1_0.lesson_id=?
2026-01-16 15:12:42 [http-nio-8080-exec-2] DEBUG org.hibernate.SQL - 
    /* SELECT
        s 
    FROM
        Student s 
    WHERE
        s.status = :status */ select
            s1_0.id,
            s1_0.archived_date,
            s1_0.created_at,
            s1_0.enrollment_date,
            s1_0.father_name,
            s1_0.first_name,
            s1_0.full_name,
            s1_0.parent_id,
            s1_0.search_name,
            s1_0.status,
            s1_0.student_phone,
            s1_0.updated_at 
        from
            students s1_0 
        where
            s1_0.status=?
2026-01-16 15:12:42 [http-nio-8080-exec-2] DEBUG org.hibernate.SQL - 
    select
        ct1_0.lesson_id,
        ct1_0.category_tag 
    from
        lesson_category_tags ct1_0 
    where
        ct1_0.lesson_id=?
